<?xml version="1.0" encoding="UTF-8" standalone="yes"?><!DOCTYPE report PUBLIC "-//JACOCO//DTD Report 1.1//EN" "report.dtd"><report name="TourGuide"><sessioninfo id="DESKTOP-LLPVODE-fb176fe0" start="1660840655687" dump="1660840734678"/><sessioninfo id="DESKTOP-LLPVODE-f46d8e2e" start="1660841570310" dump="1660841579479"/><sessioninfo id="DESKTOP-LLPVODE-fcbe701e" start="1660841593381" dump="1660841602439"/><sessioninfo id="DESKTOP-LLPVODE-26cf479" start="1660841607445" dump="1660841618124"/><sessioninfo id="DESKTOP-LLPVODE-2e3fadb7" start="1660841865983" dump="1660841891633"/><sessioninfo id="DESKTOP-LLPVODE-14f3a697" start="1660841907441" dump="1660841909467"/><sessioninfo id="DESKTOP-LLPVODE-694901c2" start="1660842059389" dump="1660842062815"/><sessioninfo id="DESKTOP-LLPVODE-ce85bac6" start="1660842078510" dump="1660842083616"/><sessioninfo id="DESKTOP-LLPVODE-cc5db697" start="1660842101199" dump="1660842104577"/><sessioninfo id="DESKTOP-LLPVODE-5d6c77a0" start="1660842190882" dump="1660842216079"/><sessioninfo id="DESKTOP-LLPVODE-78f1e052" start="1660919829901" dump="1660919833314"/><sessioninfo id="DESKTOP-LLPVODE-bb04455f" start="1660919950845" dump="1660919956226"/><sessioninfo id="DESKTOP-LLPVODE-1d4d7600" start="1660919990475" dump="1660920000446"/><sessioninfo id="DESKTOP-LLPVODE-6caa5094" start="1660920044897" dump="1660920059173"/><sessioninfo id="DESKTOP-LLPVODE-8e06dacc" start="1660920237789" dump="1660920244081"/><sessioninfo id="DESKTOP-LLPVODE-c3a5077b" start="1660921392181" dump="1660921399237"/><sessioninfo id="DESKTOP-LLPVODE-e5e9030c" start="1660921488841" dump="1660921494170"/><sessioninfo id="DESKTOP-LLPVODE-909597be" start="1660921579491" dump="1660921588529"/><sessioninfo id="DESKTOP-LLPVODE-653c790f" start="1660923576490" dump="1660923579340"/><sessioninfo id="DESKTOP-LLPVODE-f943b46a" start="1660923874854" dump="1660923877458"/><sessioninfo id="DESKTOP-LLPVODE-acb4ef22" start="1660924017938" dump="1660924021041"/><sessioninfo id="DESKTOP-LLPVODE-d7a48efd" start="1660924045186" dump="1660924048606"/><sessioninfo id="DESKTOP-LLPVODE-d3b2992b" start="1660924147235" dump="1660924149846"/><sessioninfo id="DESKTOP-LLPVODE-5d82add2" start="1660925270124" dump="1660925273100"/><sessioninfo id="DESKTOP-LLPVODE-ef9f71df" start="1660925352360" dump="1660925354864"/><sessioninfo id="DESKTOP-LLPVODE-a8367443" start="1660925482401" dump="1660925486348"/><sessioninfo id="DESKTOP-LLPVODE-ebfbf54f" start="1660925502189" dump="1660925504885"/><sessioninfo id="DESKTOP-LLPVODE-f918039b" start="1660925608846" dump="1660925611860"/><sessioninfo id="DESKTOP-LLPVODE-6cc27223" start="1660925694053" dump="1660925696661"/><sessioninfo id="DESKTOP-LLPVODE-9b665300" start="1660925752295" dump="1660925846942"/><sessioninfo id="DESKTOP-LLPVODE-cab8f02b" start="1660925867908" dump="1660925870609"/><sessioninfo id="DESKTOP-LLPVODE-1527c56c" start="1660930115749" dump="1660930118994"/><sessioninfo id="DESKTOP-LLPVODE-5e40c5e0" start="1660930178571" dump="1660930181614"/><sessioninfo id="DESKTOP-LLPVODE-30667e39" start="1660930579296" dump="1660930582158"/><sessioninfo id="DESKTOP-LLPVODE-5567881" start="1660930656289" dump="1660930658976"/><sessioninfo id="DESKTOP-LLPVODE-f5242913" start="1660930772139" dump="1660930774916"/><sessioninfo id="DESKTOP-LLPVODE-22c663a8" start="1660930852103" dump="1660930854714"/><sessioninfo id="DESKTOP-LLPVODE-f0b45501" start="1660931019842" dump="1660931030881"/><sessioninfo id="DESKTOP-LLPVODE-14c6d745" start="1660931095442" dump="1660931189874"/><sessioninfo id="DESKTOP-LLPVODE-22a8d673" start="1661971313882" dump="1661971416583"/><sessioninfo id="DESKTOP-LLPVODE-dbf0926d" start="1661971448496" dump="1661971451005"/><sessioninfo id="DESKTOP-LLPVODE-e5b9a6c2" start="1661971531046" dump="1661971533136"/><sessioninfo id="DESKTOP-LLPVODE-bf58e36f" start="1661971625687" dump="1661971627773"/><sessioninfo id="DESKTOP-LLPVODE-f96ff7c5" start="1661971663360" dump="1661971665916"/><sessioninfo id="DESKTOP-LLPVODE-c895875f" start="1661972068293" dump="1661972077721"/><sessioninfo id="DESKTOP-LLPVODE-39a27d6" start="1661972345124" dump="1661972505087"/><sessioninfo id="DESKTOP-LLPVODE-3630ee28" start="1661972656859" dump="1661972825321"/><sessioninfo id="DESKTOP-LLPVODE-7c626f76" start="1661972877415" dump="1661973046648"/><sessioninfo id="DESKTOP-LLPVODE-9fae2022" start="1661973109184" dump="1661973276724"/><sessioninfo id="DESKTOP-LLPVODE-6e6a27f1" start="1661973296582" dump="1661973336005"/><sessioninfo id="DESKTOP-LLPVODE-ccf4cbdf" start="1661973363665" dump="1661973373557"/><sessioninfo id="DESKTOP-LLPVODE-48d393ba" start="1661973426729" dump="1661973505690"/><sessioninfo id="DESKTOP-LLPVODE-842cbc7" start="1661974069818" dump="1661974076236"/><sessioninfo id="DESKTOP-LLPVODE-4a7737b2" start="1661974394379" dump="1661974435570"/><sessioninfo id="DESKTOP-LLPVODE-d1e70fa4" start="1661974837787" dump="1661974880389"/><sessioninfo id="DESKTOP-LLPVODE-523c2603" start="1661974899715" dump="1661974905776"/><sessioninfo id="DESKTOP-LLPVODE-caa932fb" start="1661974921340" dump="1661974927352"/><sessioninfo id="DESKTOP-LLPVODE-2cbca784" start="1661975905340" dump="1661975911664"/><sessioninfo id="DESKTOP-LLPVODE-2ff05651" start="1661975960894" dump="1661975967251"/><sessioninfo id="DESKTOP-LLPVODE-83c73dcf" start="1661976124026" dump="1661976130663"/><sessioninfo id="DESKTOP-LLPVODE-320bb71d" start="1661976143794" dump="1661976250346"/><sessioninfo id="DESKTOP-LLPVODE-ba008d8e" start="1661976260330" dump="1661976285154"/><sessioninfo id="DESKTOP-LLPVODE-bbb41c29" start="1661976350505" dump="1661976373480"/><sessioninfo id="DESKTOP-LLPVODE-d70b8480" start="1661976379923" dump="1661976382014"/><sessioninfo id="DESKTOP-LLPVODE-fc5a380f" start="1661976399819" dump="1661976401879"/><sessioninfo id="DESKTOP-LLPVODE-cc8e84af" start="1661976512209" dump="1661976514321"/><sessioninfo id="DESKTOP-LLPVODE-6954d55b" start="1661976518709" dump="1661976567392"/><sessioninfo id="DESKTOP-LLPVODE-f6ac9cbf" start="1661976595865" dump="1661976598272"/><sessioninfo id="DESKTOP-LLPVODE-dfd06ac" start="1661976885743" dump="1661976888258"/><sessioninfo id="DESKTOP-LLPVODE-4cc8faf" start="1661977081584" dump="1661977084017"/><sessioninfo id="DESKTOP-LLPVODE-bdab08b6" start="1661977159238" dump="1661977161732"/><sessioninfo id="DESKTOP-LLPVODE-15b250a6" start="1661977446431" dump="1661977448611"/><sessioninfo id="DESKTOP-LLPVODE-491996b9" start="1661977455743" dump="1661977462047"/><sessioninfo id="DESKTOP-LLPVODE-19312696" start="1661978627044" dump="1661978633228"/><sessioninfo id="DESKTOP-LLPVODE-64a2e4a3" start="1661978830730" dump="1661978837056"/><sessioninfo id="DESKTOP-LLPVODE-bc2d1d65" start="1661978901763" dump="1661978908185"/><sessioninfo id="DESKTOP-LLPVODE-5ba46fd3" start="1661978933368" dump="1661978940024"/><sessioninfo id="DESKTOP-LLPVODE-a080731a" start="1661978960880" dump="1661978963258"/><sessioninfo id="DESKTOP-LLPVODE-39fa074a" start="1661978990878" dump="1661978993609"/><sessioninfo id="DESKTOP-LLPVODE-630ffeb3" start="1661979528588" dump="1661979531659"/><sessioninfo id="DESKTOP-LLPVODE-9e686eda" start="1661979565761" dump="1661979567725"/><sessioninfo id="DESKTOP-LLPVODE-7045d924" start="1661979620151" dump="1661979633776"/><sessioninfo id="DESKTOP-LLPVODE-a1f491de" start="1661979640203" dump="1661979664056"/><sessioninfo id="DESKTOP-LLPVODE-67bcb5c2" start="1661979715635" dump="1661979733728"/><sessioninfo id="DESKTOP-LLPVODE-13194af6" start="1661979744835" dump="1661979762220"/><sessioninfo id="DESKTOP-LLPVODE-4ad75974" start="1661979810093" dump="1661979814666"/><sessioninfo id="DESKTOP-LLPVODE-be1ac985" start="1661979840025" dump="1661979843615"/><sessioninfo id="DESKTOP-LLPVODE-aa7d0fd9" start="1661979875457" dump="1661979877374"/><sessioninfo id="DESKTOP-LLPVODE-c769c7c7" start="1661979904839" dump="1661979908865"/><sessioninfo id="DESKTOP-LLPVODE-8a1ac13d" start="1661979941001" dump="1661979943545"/><sessioninfo id="DESKTOP-LLPVODE-a51bb93b" start="1661979948645" dump="1661979955277"/><sessioninfo id="DESKTOP-LLPVODE-67fec1dd" start="1661979965239" dump="1661979968719"/><sessioninfo id="DESKTOP-LLPVODE-3b448ade" start="1661980035774" dump="1661980045596"/><sessioninfo id="DESKTOP-LLPVODE-ae42c101" start="1661980109287" dump="1661980119220"/><sessioninfo id="DESKTOP-LLPVODE-ed90409a" start="1661980426611" dump="1661980436175"/><sessioninfo id="DESKTOP-LLPVODE-9a1fa44c" start="1661980542612" dump="1661980552555"/><sessioninfo id="DESKTOP-LLPVODE-63431454" start="1661980911532" dump="1661980913584"/><sessioninfo id="DESKTOP-LLPVODE-f4460869" start="1661980921384" dump="1661980923347"/><sessioninfo id="DESKTOP-LLPVODE-c0a8e8f7" start="1661981041030" dump="1661981046942"/><sessioninfo id="DESKTOP-LLPVODE-46e584f3" start="1661981096804" dump="1661981103029"/><sessioninfo id="DESKTOP-LLPVODE-1e0c79a2" start="1661981441401" dump="1661981444136"/><sessioninfo id="DESKTOP-LLPVODE-1d50e0ca" start="1661981460496" dump="1661981466471"/><sessioninfo id="DESKTOP-LLPVODE-691b438d" start="1661982026192" dump="1661982032208"/><sessioninfo id="DESKTOP-LLPVODE-457e938" start="1661982062007" dump="1661982068443"/><sessioninfo id="DESKTOP-LLPVODE-8222deb1" start="1661982100583" dump="1661982106837"/><sessioninfo id="DESKTOP-LLPVODE-b441b1ae" start="1661982303968" dump="1661982310114"/><sessioninfo id="DESKTOP-LLPVODE-74ee1202" start="1661982732874" dump="1661982739821"/><sessioninfo id="DESKTOP-LLPVODE-42fe1308" start="1661982796454" dump="1661982802460"/><sessioninfo id="DESKTOP-LLPVODE-c6047192" start="1661982888946" dump="1661982895142"/><sessioninfo id="DESKTOP-LLPVODE-d250c36a" start="1661982971097" dump="1661982973366"/><sessioninfo id="DESKTOP-LLPVODE-b5430f67" start="1661983001343" dump="1661983121974"/><sessioninfo id="DESKTOP-LLPVODE-50bcaca4" start="1661983139510" dump="1661983141436"/><sessioninfo id="DESKTOP-LLPVODE-98237faf" start="1661983208365" dump="1661983210254"/><sessioninfo id="DESKTOP-LLPVODE-1aead7a8" start="1661983238147" dump="1661983240093"/><sessioninfo id="DESKTOP-LLPVODE-3ab9234b" start="1661983365297" dump="1661983367395"/><sessioninfo id="DESKTOP-LLPVODE-c84549ac" start="1661983632267" dump="1661983634451"/><sessioninfo id="DESKTOP-LLPVODE-ab7273e1" start="1661983666400" dump="1661983669260"/><sessioninfo id="DESKTOP-LLPVODE-d66f8e6f" start="1661983843062" dump="1661983845173"/><sessioninfo id="DESKTOP-LLPVODE-84da6b87" start="1661983929506" dump="1661983931718"/><sessioninfo id="DESKTOP-LLPVODE-23d133bf" start="1661984023106" dump="1661984025051"/><sessioninfo id="DESKTOP-LLPVODE-e8e0b20f" start="1661984071450" dump="1661984073385"/><sessioninfo id="DESKTOP-LLPVODE-8ba4274f" start="1661984102573" dump="1661984104667"/><sessioninfo id="DESKTOP-LLPVODE-df60c7db" start="1661984166378" dump="1661984194735"/><sessioninfo id="DESKTOP-LLPVODE-309cca87" start="1661984270835" dump="1661984276444"/><sessioninfo id="DESKTOP-LLPVODE-63d53cee" start="1661984284131" dump="1661984293411"/><sessioninfo id="DESKTOP-LLPVODE-deaf924b" start="1661984319654" dump="1661984323901"/><sessioninfo id="DESKTOP-LLPVODE-edcb72c" start="1661984330905" dump="1661984386967"/><sessioninfo id="DESKTOP-LLPVODE-620ac1ee" start="1661984393257" dump="1661984397682"/><sessioninfo id="DESKTOP-LLPVODE-2c3083db" start="1661984402524" dump="1661984406271"/><sessioninfo id="DESKTOP-LLPVODE-5bb84f4f" start="1661984415253" dump="1661984417554"/><sessioninfo id="DESKTOP-LLPVODE-4c5b3efb" start="1661984471614" dump="1661984494071"/><sessioninfo id="DESKTOP-LLPVODE-74ce8810" start="1661984497572" dump="1661984499917"/><sessioninfo id="DESKTOP-LLPVODE-9a2dc703" start="1661984670865" dump="1661984674589"/><sessioninfo id="DESKTOP-LLPVODE-7f50a6ac" start="1661984704365" dump="1661984708907"/><sessioninfo id="DESKTOP-LLPVODE-7d2fd359" start="1661984730168" dump="1661984733790"/><sessioninfo id="DESKTOP-LLPVODE-43ced22e" start="1661984760858" dump="1661984764194"/><sessioninfo id="DESKTOP-LLPVODE-b9dc90b4" start="1661984802410" dump="1661984812492"/><sessioninfo id="DESKTOP-LLPVODE-67f80f74" start="1661984827235" dump="1661984906271"/><sessioninfo id="DESKTOP-LLPVODE-e98e32f2" start="1661984986335" dump="1661985028014"/><sessioninfo id="DESKTOP-LLPVODE-f68fda69" start="1661985049738" dump="1661985072729"/><sessioninfo id="DESKTOP-LLPVODE-2c500f1b" start="1661985092234" dump="1661985114701"/><sessioninfo id="DESKTOP-LLPVODE-e20a7d52" start="1661985139727" dump="1661985168479"/><sessioninfo id="DESKTOP-LLPVODE-b1ee69d" start="1661985206603" dump="1661985232645"/><sessioninfo id="DESKTOP-LLPVODE-596e728" start="1661985295049" dump="1661985503141"/><sessioninfo id="DESKTOP-LLPVODE-6ffcd13d" start="1661985795734" dump="1661985810661"/><sessioninfo id="DESKTOP-LLPVODE-a30f0d0e" start="1662047798093" dump="1662047819230"/><sessioninfo id="DESKTOP-LLPVODE-bb803e3" start="1662047908423" dump="1662048336250"/><sessioninfo id="DESKTOP-LLPVODE-278f8644" start="1662050237320" dump="1662050240743"/><sessioninfo id="DESKTOP-LLPVODE-91d16a27" start="1662050673548" dump="1662050679217"/><sessioninfo id="DESKTOP-LLPVODE-3100f4e1" start="1662050748189" dump="1662050961386"/><sessioninfo id="DESKTOP-LLPVODE-43453826" start="1662051138827" dump="1662051143907"/><sessioninfo id="DESKTOP-LLPVODE-978b48c1" start="1662051193803" dump="1662051198661"/><sessioninfo id="DESKTOP-LLPVODE-80b452c5" start="1662051237126" dump="1662051245231"/><sessioninfo id="DESKTOP-LLPVODE-caab216a" start="1662051637872" dump="1662051643165"/><sessioninfo id="DESKTOP-LLPVODE-fe122a23" start="1662051813311" dump="1662051817554"/><sessioninfo id="DESKTOP-LLPVODE-89c680ab" start="1662051862423" dump="1662052070563"/><sessioninfo id="DESKTOP-LLPVODE-a7979227" start="1662052123345" dump="1662052323193"/><sessioninfo id="DESKTOP-LLPVODE-2fd9c1d8" start="1662052458698" dump="1662052466759"/><sessioninfo id="DESKTOP-LLPVODE-c31748e8" start="1662052890034" dump="1662053096665"/><sessioninfo id="DESKTOP-LLPVODE-b20498f8" start="1662053565442" dump="1662053654739"/><sessioninfo id="DESKTOP-LLPVODE-2cbb932e" start="1662053743872" dump="1662053750211"/><sessioninfo id="DESKTOP-LLPVODE-f06244d2" start="1662053810438" dump="1662053839145"/><sessioninfo id="DESKTOP-LLPVODE-e9cd6427" start="1662053958393" dump="1662054164977"/><sessioninfo id="DESKTOP-LLPVODE-4bb1da30" start="1662060378468" dump="1662060396569"/><sessioninfo id="DESKTOP-LLPVODE-2ed16290" start="1662060428109" dump="1662060448853"/><sessioninfo id="DESKTOP-LLPVODE-46f74a59" start="1662060479167" dump="1662062004241"/><sessioninfo id="DESKTOP-LLPVODE-78ea3e78" start="1662739267346" dump="1662739482026"/><sessioninfo id="DESKTOP-LLPVODE-e08f03ff" start="1662739517415" dump="1662739629670"/><sessioninfo id="DESKTOP-LLPVODE-1c704532" start="1662739653218" dump="1662739695636"/><sessioninfo id="DESKTOP-LLPVODE-bad93c70" start="1662739720800" dump="1662739733783"/><sessioninfo id="DESKTOP-LLPVODE-967764aa" start="1662739746975" dump="1662739752657"/><sessioninfo id="DESKTOP-LLPVODE-5ea213e1" start="1662739766166" dump="1662739768384"/><sessioninfo id="DESKTOP-LLPVODE-ea8270c" start="1662739794169" dump="1662739796636"/><sessioninfo id="DESKTOP-LLPVODE-31668344" start="1662739805034" dump="1662739807479"/><sessioninfo id="DESKTOP-LLPVODE-7740e57e" start="1662739839274" dump="1662739904388"/><sessioninfo id="DESKTOP-LLPVODE-46d70f87" start="1662740169050" dump="1662740171703"/><sessioninfo id="DESKTOP-LLPVODE-17c15bb7" start="1662740188802" dump="1662740190873"/><sessioninfo id="DESKTOP-LLPVODE-8bc107b4" start="1662740199385" dump="1662740202009"/><sessioninfo id="DESKTOP-LLPVODE-448a3379" start="1662740210481" dump="1662740212574"/><sessioninfo id="DESKTOP-LLPVODE-75ba51de" start="1662740400268" dump="1662740403108"/><sessioninfo id="DESKTOP-LLPVODE-49913b1c" start="1662740411024" dump="1662740415653"/><sessioninfo id="DESKTOP-LLPVODE-676e962b" start="1662740449649" dump="1662740453385"/><sessioninfo id="DESKTOP-LLPVODE-7cecb8e4" start="1662740533423" dump="1662740551036"/><sessioninfo id="DESKTOP-LLPVODE-a1b3dab2" start="1662740862816" dump="1662740880306"/><sessioninfo id="DESKTOP-LLPVODE-de13ff8b" start="1662740948509" dump="1662740966400"/><sessioninfo id="DESKTOP-LLPVODE-8ff88531" start="1662741021301" dump="1662741038808"/><sessioninfo id="DESKTOP-LLPVODE-6c58dd37" start="1662741251261" dump="1662741263807"/><sessioninfo id="DESKTOP-LLPVODE-7b7937fd" start="1662741281892" dump="1662741355066"/><sessioninfo id="DESKTOP-LLPVODE-459c229a" start="1662741540165" dump="1662741566077"/><sessioninfo id="DESKTOP-LLPVODE-5cb470d4" start="1662741911972" dump="1662741930064"/><sessioninfo id="DESKTOP-LLPVODE-1c706f2f" start="1662742249249" dump="1662742252066"/><sessioninfo id="DESKTOP-LLPVODE-580a2668" start="1662742369492" dump="1662742371952"/><sessioninfo id="DESKTOP-LLPVODE-386eb65" start="1662745675934" dump="1662745693465"/><sessioninfo id="DESKTOP-LLPVODE-1176cd29" start="1662746154289" dump="1662746297423"/><sessioninfo id="DESKTOP-LLPVODE-96855379" start="1662746750785" dump="1662746763909"/><sessioninfo id="DESKTOP-LLPVODE-eb452bb7" start="1662746806817" dump="1662746818845"/><sessioninfo id="DESKTOP-LLPVODE-b6a03c07" start="1662746879966" dump="1662746883853"/><sessioninfo id="DESKTOP-LLPVODE-18b7d228" start="1662747071459" dump="1662747075417"/><sessioninfo id="DESKTOP-LLPVODE-e0e8212c" start="1662747137813" dump="1662747152567"/><sessioninfo id="DESKTOP-LLPVODE-b9ddc54b" start="1662747246277" dump="1662747252111"/><sessioninfo id="DESKTOP-LLPVODE-dd25a66a" start="1662747264644" dump="1662747270133"/><sessioninfo id="DESKTOP-LLPVODE-ebd508d9" start="1662747302869" dump="1662747307718"/><sessioninfo id="DESKTOP-LLPVODE-ddccbf8" start="1662747746619" dump="1662747760476"/><sessioninfo id="DESKTOP-LLPVODE-d1a55c0f" start="1662747818362" dump="1662747833981"/><sessioninfo id="DESKTOP-LLPVODE-47d49a9b" start="1662748627716" dump="1662748632230"/><sessioninfo id="DESKTOP-LLPVODE-f6564d2a" start="1662749239774" dump="1662749243756"/><sessioninfo id="DESKTOP-LLPVODE-6cef3d43" start="1662749265816" dump="1662749281031"/><sessioninfo id="DESKTOP-LLPVODE-2206ee98" start="1662749312279" dump="1662749325478"/><sessioninfo id="DESKTOP-LLPVODE-fe0fbc0a" start="1662749512948" dump="1662749530549"/><sessioninfo id="DESKTOP-LLPVODE-555ffab9" start="1662750465394" dump="1662750496749"/><sessioninfo id="DESKTOP-LLPVODE-e78bcee2" start="1662750516368" dump="1662750534887"/><sessioninfo id="DESKTOP-LLPVODE-e1ee6369" start="1662750670356" dump="1662750672760"/><sessioninfo id="DESKTOP-LLPVODE-7db8ddc2" start="1662750716608" dump="1662750718977"/><sessioninfo id="DESKTOP-LLPVODE-fbfcee15" start="1662750764748" dump="1662750804175"/><sessioninfo id="DESKTOP-LLPVODE-ff689200" start="1662750818142" dump="1662750858622"/><sessioninfo id="DESKTOP-LLPVODE-b5ae1c9" start="1662750931905" dump="1662751007457"/><sessioninfo id="DESKTOP-LLPVODE-1068491f" start="1662751023397" dump="1662751084641"/><sessioninfo id="DESKTOP-LLPVODE-96b641d9" start="1662751103151" dump="1662751136761"/><sessioninfo id="DESKTOP-LLPVODE-27105b15" start="1662751152147" dump="1662751172481"/><sessioninfo id="DESKTOP-LLPVODE-cecf166b" start="1662751192208" dump="1662751196167"/><sessioninfo id="DESKTOP-LLPVODE-16a55e67" start="1662751295200" dump="1662751406150"/><sessioninfo id="DESKTOP-LLPVODE-4ef531b1" start="1662752910344" dump="1662753115093"/><sessioninfo id="DESKTOP-LLPVODE-9c47c552" start="1662753138576" dump="1662753342791"/><sessioninfo id="DESKTOP-LLPVODE-8f02790a" start="1662753583665" dump="1662753595594"/><sessioninfo id="DESKTOP-LLPVODE-9eb92988" start="1662753668034" dump="1662753671574"/><sessioninfo id="DESKTOP-LLPVODE-3fd84bd7" start="1662753838673" dump="1662753842020"/><sessioninfo id="DESKTOP-LLPVODE-aa7454fa" start="1662753856769" dump="1662753860036"/><sessioninfo id="DESKTOP-LLPVODE-798960db" start="1662753880888" dump="1662753884584"/><sessioninfo id="DESKTOP-LLPVODE-579bb1a4" start="1662753904993" dump="1662753916571"/><sessioninfo id="DESKTOP-LLPVODE-ca701476" start="1662754459084" dump="1662754466092"/><sessioninfo id="DESKTOP-LLPVODE-debc260d" start="1662754622720" dump="1662754629066"/><sessioninfo id="DESKTOP-LLPVODE-67f6a8f5" start="1662754667815" dump="1662754674427"/><sessioninfo id="DESKTOP-LLPVODE-f0e69727" start="1662754693832" dump="1662754696713"/><sessioninfo id="DESKTOP-LLPVODE-38330562" start="1662754796951" dump="1662754800917"/><sessioninfo id="DESKTOP-LLPVODE-db8a734e" start="1662754842241" dump="1662754844836"/><sessioninfo id="DESKTOP-LLPVODE-c594ba74" start="1662754888385" dump="1662754894954"/><sessioninfo id="DESKTOP-LLPVODE-c8242985" start="1662755021072" dump="1662755031024"/><sessioninfo id="DESKTOP-LLPVODE-b7a995c6" start="1662755045289" dump="1662755058501"/><sessioninfo id="DESKTOP-LLPVODE-1a11e8cf" start="1662755077706" dump="1662755089553"/><sessioninfo id="DESKTOP-LLPVODE-9c84d931" start="1662755108437" dump="1662755119151"/><sessioninfo id="DESKTOP-LLPVODE-ce704adf" start="1662755132570" dump="1662755142459"/><sessioninfo id="DESKTOP-LLPVODE-708e338d" start="1662755154625" dump="1662755164231"/><sessioninfo id="DESKTOP-LLPVODE-dcd2ff80" start="1662755178214" dump="1662755189935"/><sessioninfo id="DESKTOP-LLPVODE-ce050fbf" start="1662755203073" dump="1662755212471"/><sessioninfo id="DESKTOP-LLPVODE-a518aef3" start="1662755224249" dump="1662755234104"/><sessioninfo id="DESKTOP-LLPVODE-5855d38d" start="1662755244473" dump="1662755254332"/><sessioninfo id="DESKTOP-LLPVODE-b1031f22" start="1662755269165" dump="1662755278272"/><sessioninfo id="DESKTOP-LLPVODE-db7eb726" start="1662755295705" dump="1662755298211"/><sessioninfo id="DESKTOP-LLPVODE-68229e80" start="1662755314404" dump="1662755316592"/><sessioninfo id="DESKTOP-LLPVODE-db33945d" start="1662755323967" dump="1662755326116"/><sessioninfo id="DESKTOP-LLPVODE-10fc70d4" start="1662755331123" dump="1662755333399"/><sessioninfo id="DESKTOP-LLPVODE-75f65b46" start="1662755356396" dump="1662755358656"/><sessioninfo id="DESKTOP-LLPVODE-c61ae493" start="1662755370246" dump="1662755373485"/><sessioninfo id="DESKTOP-LLPVODE-950c8746" start="1662755460144" dump="1662755463353"/><sessioninfo id="DESKTOP-LLPVODE-2d492471" start="1662755537062" dump="1662755539327"/><sessioninfo id="DESKTOP-LLPVODE-97b18393" start="1662755576022" dump="1662755578817"/><sessioninfo id="DESKTOP-LLPVODE-47eea5b4" start="1662755617151" dump="1662755621848"/><sessioninfo id="DESKTOP-LLPVODE-6c0da10" start="1662755646281" dump="1662755651072"/><sessioninfo id="DESKTOP-LLPVODE-a9e879a6" start="1662755686846" dump="1662755696215"/><sessioninfo id="DESKTOP-LLPVODE-b209e24e" start="1662755708590" dump="1662755724368"/><sessioninfo id="DESKTOP-LLPVODE-416df5ab" start="1662755744861" dump="1662755802557"/><sessioninfo id="DESKTOP-LLPVODE-13921c52" start="1662755844225" dump="1662755956910"/><sessioninfo id="DESKTOP-LLPVODE-3f53c872" start="1662756086030" dump="1662756088725"/><sessioninfo id="DESKTOP-LLPVODE-206879a4" start="1662756112188" dump="1662756117566"/><sessioninfo id="DESKTOP-LLPVODE-7dc53304" start="1662756143519" dump="1662756173876"/><sessioninfo id="DESKTOP-LLPVODE-e8f3db7e" start="1662756189533" dump="1662756206574"/><sessioninfo id="DESKTOP-LLPVODE-f7530537" start="1662756223373" dump="1662756227589"/><sessioninfo id="DESKTOP-LLPVODE-e93ff920" start="1662756246012" dump="1662756349374"/><sessioninfo id="DESKTOP-LLPVODE-8651d9de" start="1662756362858" dump="1662756568940"/><sessioninfo id="DESKTOP-LLPVODE-2826b8bb" start="1662756644436" dump="1662756656430"/><sessioninfo id="DESKTOP-LLPVODE-edca9292" start="1662757022172" dump="1662757034414"/><sessioninfo id="DESKTOP-LLPVODE-d2a764d0" start="1662757090987" dump="1662757093770"/><sessioninfo id="DESKTOP-LLPVODE-79c1edfe" start="1662757114170" dump="1662757118819"/><sessioninfo id="DESKTOP-LLPVODE-9b723ca" start="1662757131892" dump="1662757143606"/><sessioninfo id="DESKTOP-LLPVODE-95baae91" start="1662757152194" dump="1662757173865"/><sessioninfo id="DESKTOP-LLPVODE-580e4ec5" start="1662757195257" dump="1662757298147"/><sessioninfo id="DESKTOP-LLPVODE-cda6d91f" start="1662757315841" dump="1662757524579"/><sessioninfo id="DESKTOP-LLPVODE-e5452804" start="1662757708491" dump="1662757710659"/><sessioninfo id="DESKTOP-LLPVODE-e699f388" start="1662757837799" dump="1662757840209"/><sessioninfo id="DESKTOP-LLPVODE-dd8a4b98" start="1662757865860" dump="1662757868197"/><sessioninfo id="DESKTOP-LLPVODE-a7fa9d4" start="1662757939087" dump="1662757941468"/><sessioninfo id="DESKTOP-LLPVODE-df5f9727" start="1662757958387" dump="1662757962610"/><sessioninfo id="DESKTOP-LLPVODE-86d650f" start="1662758009308" dump="1662758012993"/><sessioninfo id="DESKTOP-LLPVODE-296dbe9c" start="1662758147368" dump="1662758151026"/><sessioninfo id="DESKTOP-LLPVODE-24f9771c" start="1662758194933" dump="1662758197432"/><sessioninfo id="DESKTOP-LLPVODE-f55d3ae" start="1662758340703" dump="1662758344339"/><sessioninfo id="DESKTOP-LLPVODE-3f670291" start="1662758493988" dump="1662758498539"/><sessioninfo id="DESKTOP-LLPVODE-3a3542bc" start="1662758512533" dump="1662758515775"/><sessioninfo id="DESKTOP-LLPVODE-65664ba2" start="1662758522731" dump="1662758527421"/><sessioninfo id="DESKTOP-LLPVODE-4cd4fecd" start="1662758538550" dump="1662758548625"/><sessioninfo id="DESKTOP-LLPVODE-ea1b9b45" start="1662758566589" dump="1662758582127"/><sessioninfo id="DESKTOP-LLPVODE-82218045" start="1662758597366" dump="1662758654364"/><sessioninfo id="DESKTOP-LLPVODE-613d9f83" start="1662758668408" dump="1662758780524"/><sessioninfo id="DESKTOP-LLPVODE-6f08449e" start="1664206331939" dump="1664206356282"/><sessioninfo id="DESKTOP-LLPVODE-6a0bf46b" start="1664206372508" dump="1664206394025"/><sessioninfo id="DESKTOP-LLPVODE-d65ed383" start="1665499850674" dump="1665499872901"/><sessioninfo id="DESKTOP-LLPVODE-3077a1e3" start="1665499905161" dump="1665499928124"/><sessioninfo id="DESKTOP-LLPVODE-a951694f" start="1665501265988" dump="1665501293041"/><sessioninfo id="DESKTOP-LLPVODE-2d9eb6b5" start="1666019325308" dump="1666019348259"/><sessioninfo id="DESKTOP-LLPVODE-66f4ebc" start="1666023567666" dump="1666023590135"/><package name="tourGuide"><class name="tourGuide/TourGuideModule" sourcefilename="TourGuideModule.java"><method name="&lt;init&gt;" desc="()V" line="11"><counter type="INSTRUCTION" missed="3" covered="0"/><counter type="LINE" missed="1" covered="0"/><counter type="COMPLEXITY" missed="1" covered="0"/><counter type="METHOD" missed="1" covered="0"/></method><method name="getGpsUtil" desc="()LgpsUtil/GpsUtil;" line="15"><counter type="INSTRUCTION" missed="4" covered="0"/><counter type="LINE" missed="1" covered="0"/><counter type="COMPLEXITY" missed="1" covered="0"/><counter type="METHOD" missed="1" covered="0"/></method><method name="getRewardsService" desc="()LtourGuide/service/RewardsService;" line="20"><counter type="INSTRUCTION" missed="8" covered="0"/><counter type="LINE" missed="1" covered="0"/><counter type="COMPLEXITY" missed="1" covered="0"/><counter type="METHOD" missed="1" covered="0"/></method><method name="getRewardCentral" desc="()LrewardCentral/RewardCentral;" line="25"><counter type="INSTRUCTION" missed="4" covered="0"/><counter type="LINE" missed="1" covered="0"/><counter type="COMPLEXITY" missed="1" covered="0"/><counter type="METHOD" missed="1" covered="0"/></method><counter type="INSTRUCTION" missed="19" covered="0"/><counter type="LINE" missed="4" covered="0"/><counter type="COMPLEXITY" missed="4" covered="0"/><counter type="METHOD" missed="4" covered="0"/><counter type="CLASS" missed="1" covered="0"/></class><class name="tourGuide/Application" sourcefilename="Application.java"><method name="&lt;init&gt;" desc="()V" line="7"><counter type="INSTRUCTION" missed="3" covered="0"/><counter type="LINE" missed="1" covered="0"/><counter type="COMPLEXITY" missed="1" covered="0"/><counter type="METHOD" missed="1" covered="0"/></method><method name="main" desc="([Ljava/lang/String;)V" line="10"><counter type="INSTRUCTION" missed="5" covered="0"/><counter type="LINE" missed="2" covered="0"/><counter type="COMPLEXITY" missed="1" covered="0"/><counter type="METHOD" missed="1" covered="0"/></method><counter type="INSTRUCTION" missed="8" covered="0"/><counter type="LINE" missed="3" covered="0"/><counter type="COMPLEXITY" missed="2" covered="0"/><counter type="METHOD" missed="2" covered="0"/><counter type="CLASS" missed="1" covered="0"/></class><class name="tourGuide/TourGuideController" sourcefilename="TourGuideController.java"><method name="&lt;init&gt;" desc="()V" line="18"><counter type="INSTRUCTION" missed="3" covered="0"/><counter type="LINE" missed="1" covered="0"/><counter type="COMPLEXITY" missed="1" covered="0"/><counter type="METHOD" missed="1" covered="0"/></method><method name="index" desc="()Ljava/lang/String;" line="25"><counter type="INSTRUCTION" missed="2" covered="0"/><counter type="LINE" missed="1" covered="0"/><counter type="COMPLEXITY" missed="1" covered="0"/><counter type="METHOD" missed="1" covered="0"/></method><method name="getLocation" desc="(Ljava/lang/String;)Ljava/lang/String;" line="30"><counter type="INSTRUCTION" missed="11" covered="0"/><counter type="LINE" missed="2" covered="0"/><counter type="COMPLEXITY" missed="1" covered="0"/><counter type="METHOD" missed="1" covered="0"/></method><method name="getNearbyAttractions" desc="(Ljava/lang/String;)Ljava/lang/String;" line="45"><counter type="INSTRUCTION" missed="13" covered="0"/><counter type="LINE" missed="2" covered="0"/><counter type="COMPLEXITY" missed="1" covered="0"/><counter type="METHOD" missed="1" covered="0"/></method><method name="getRewards" desc="(Ljava/lang/String;)Ljava/lang/String;" line="52"><counter type="INSTRUCTION" missed="8" covered="0"/><counter type="LINE" missed="1" covered="0"/><counter type="COMPLEXITY" missed="1" covered="0"/><counter type="METHOD" missed="1" covered="0"/></method><method name="getAllCurrentLocations" desc="()Ljava/lang/String;" line="67"><counter type="INSTRUCTION" missed="3" covered="0"/><counter type="LINE" missed="1" covered="0"/><counter type="COMPLEXITY" missed="1" covered="0"/><counter type="METHOD" missed="1" covered="0"/></method><method name="getTripDeals" desc="(Ljava/lang/String;)Ljava/lang/String;" line="72"><counter type="INSTRUCTION" missed="10" covered="0"/><counter type="LINE" missed="2" covered="0"/><counter type="COMPLEXITY" missed="1" covered="0"/><counter type="METHOD" missed="1" covered="0"/></method><method name="getUser" desc="(Ljava/lang/String;)LtourGuide/user/User;" line="77"><counter type="INSTRUCTION" missed="5" covered="0"/><counter type="LINE" missed="1" covered="0"/><counter type="COMPLEXITY" missed="1" covered="0"/><counter type="METHOD" missed="1" covered="0"/></method><method name="getOneUser" desc="(Ljava/lang/String;)LtourGuide/user/User;" line="82"><counter type="INSTRUCTION" missed="5" covered="0"/><counter type="LINE" missed="1" covered="0"/><counter type="COMPLEXITY" missed="1" covered="0"/><counter type="METHOD" missed="1" covered="0"/></method><counter type="INSTRUCTION" missed="60" covered="0"/><counter type="LINE" missed="12" covered="0"/><counter type="COMPLEXITY" missed="9" covered="0"/><counter type="METHOD" missed="9" covered="0"/><counter type="CLASS" missed="1" covered="0"/></class><sourcefile name="TourGuideController.java"><line nr="18" mi="3" ci="0" mb="0" cb="0"/><line nr="25" mi="2" ci="0" mb="0" cb="0"/><line nr="30" mi="7" ci="0" mb="0" cb="0"/><line nr="31" mi="4" ci="0" mb="0" cb="0"/><line nr="45" mi="7" ci="0" mb="0" cb="0"/><line nr="47" mi="6" ci="0" mb="0" cb="0"/><line nr="52" mi="8" ci="0" mb="0" cb="0"/><line nr="67" mi="3" ci="0" mb="0" cb="0"/><line nr="72" mi="7" ci="0" mb="0" cb="0"/><line nr="73" mi="3" ci="0" mb="0" cb="0"/><line nr="77" mi="5" ci="0" mb="0" cb="0"/><line nr="82" mi="5" ci="0" mb="0" cb="0"/><counter type="INSTRUCTION" missed="60" covered="0"/><counter type="LINE" missed="12" covered="0"/><counter type="COMPLEXITY" missed="9" covered="0"/><counter type="METHOD" missed="9" covered="0"/><counter type="CLASS" missed="1" covered="0"/></sourcefile><sourcefile name="Application.java"><line nr="7" mi="3" ci="0" mb="0" cb="0"/><line nr="10" mi="4" ci="0" mb="0" cb="0"/><line nr="13" mi="1" ci="0" mb="0" cb="0"/><counter type="INSTRUCTION" missed="8" covered="0"/><counter type="LINE" missed="3" covered="0"/><counter type="COMPLEXITY" missed="2" covered="0"/><counter type="METHOD" missed="2" covered="0"/><counter type="CLASS" missed="1" covered="0"/></sourcefile><sourcefile name="TourGuideModule.java"><line nr="11" mi="3" ci="0" mb="0" cb="0"/><line nr="15" mi="4" ci="0" mb="0" cb="0"/><line nr="20" mi="8" ci="0" mb="0" cb="0"/><line nr="25" mi="4" ci="0" mb="0" cb="0"/><counter type="INSTRUCTION" missed="19" covered="0"/><counter type="LINE" missed="4" covered="0"/><counter type="COMPLEXITY" missed="4" covered="0"/><counter type="METHOD" missed="4" covered="0"/><counter type="CLASS" missed="1" covered="0"/></sourcefile><counter type="INSTRUCTION" missed="87" covered="0"/><counter type="LINE" missed="19" covered="0"/><counter type="COMPLEXITY" missed="15" covered="0"/><counter type="METHOD" missed="15" covered="0"/><counter type="CLASS" missed="3" covered="0"/></package><package name="tourGuide/tracker"><class name="tourGuide/tracker/Tracker" sourcefilename="Tracker.java"><method name="setUserTreatement" desc="(Ljava/util/List;)V" line="29"><counter type="INSTRUCTION" missed="9" covered="0"/><counter type="LINE" missed="2" covered="0"/><counter type="COMPLEXITY" missed="1" covered="0"/><counter type="METHOD" missed="1" covered="0"/></method><method name="&lt;init&gt;" desc="(LtourGuide/service/TourGuideService;)V" line="21"><counter type="INSTRUCTION" missed="0" covered="26"/><counter type="LINE" missed="0" covered="8"/><counter type="COMPLEXITY" missed="0" covered="1"/><counter type="METHOD" missed="0" covered="1"/></method><method name="stopTracking" desc="()V" line="41"><counter type="INSTRUCTION" missed="0" covered="12"/><counter type="LINE" missed="0" covered="4"/><counter type="COMPLEXITY" missed="0" covered="1"/><counter type="METHOD" missed="0" covered="1"/></method><method name="run" desc="()V" line="48"><counter type="INSTRUCTION" missed="4" covered="81"/><counter type="BRANCH" missed="1" covered="3"/><counter type="LINE" missed="2" covered="16"/><counter type="COMPLEXITY" missed="1" covered="2"/><counter type="METHOD" missed="0" covered="1"/></method><method name="getLogger" desc="()Lorg/slf4j/Logger;" line="21"><counter type="INSTRUCTION" missed="3" covered="0"/><counter type="LINE" missed="1" covered="0"/><counter type="COMPLEXITY" missed="1" covered="0"/><counter type="METHOD" missed="1" covered="0"/></method><method name="getExecutorService" desc="()Ljava/util/concurrent/ExecutorService;" line="23"><counter type="INSTRUCTION" missed="3" covered="0"/><counter type="LINE" missed="1" covered="0"/><counter type="COMPLEXITY" missed="1" covered="0"/><counter type="METHOD" missed="1" covered="0"/></method><method name="getTourGuideService" desc="()LtourGuide/service/TourGuideService;" line="24"><counter type="INSTRUCTION" missed="3" covered="0"/><counter type="LINE" missed="1" covered="0"/><counter type="COMPLEXITY" missed="1" covered="0"/><counter type="METHOD" missed="1" covered="0"/></method><method name="isStop" desc="()Z" line="25"><counter type="INSTRUCTION" missed="3" covered="0"/><counter type="LINE" missed="1" covered="0"/><counter type="COMPLEXITY" missed="1" covered="0"/><counter type="METHOD" missed="1" covered="0"/></method><method name="getUserTreatement" desc="()Ljava/util/List;" line="26"><counter type="INSTRUCTION" missed="3" covered="0"/><counter type="LINE" missed="1" covered="0"/><counter type="COMPLEXITY" missed="1" covered="0"/><counter type="METHOD" missed="1" covered="0"/></method><method name="setStop" desc="(Z)V" line="19"><counter type="INSTRUCTION" missed="4" covered="0"/><counter type="LINE" missed="1" covered="0"/><counter type="COMPLEXITY" missed="1" covered="0"/><counter type="METHOD" missed="1" covered="0"/></method><method name="equals" desc="(Ljava/lang/Object;)Z" line="19"><counter type="INSTRUCTION" missed="96" covered="0"/><counter type="BRANCH" missed="32" covered="0"/><counter type="LINE" missed="1" covered="0"/><counter type="COMPLEXITY" missed="17" covered="0"/><counter type="METHOD" missed="1" covered="0"/></method><method name="canEqual" desc="(Ljava/lang/Object;)Z" line="19"><counter type="INSTRUCTION" missed="3" covered="0"/><counter type="LINE" missed="1" covered="0"/><counter type="COMPLEXITY" missed="1" covered="0"/><counter type="METHOD" missed="1" covered="0"/></method><method name="hashCode" desc="()I" line="19"><counter type="INSTRUCTION" missed="73" covered="0"/><counter type="BRANCH" missed="10" covered="0"/><counter type="LINE" missed="1" covered="0"/><counter type="COMPLEXITY" missed="6" covered="0"/><counter type="METHOD" missed="1" covered="0"/></method><method name="toString" desc="()Ljava/lang/String;" line="19"><counter type="INSTRUCTION" missed="32" covered="0"/><counter type="LINE" missed="1" covered="0"/><counter type="COMPLEXITY" missed="1" covered="0"/><counter type="METHOD" missed="1" covered="0"/></method><method name="lambda$run$0" desc="(LtourGuide/user/User;)V" line="58"><counter type="INSTRUCTION" missed="6" covered="0"/><counter type="LINE" missed="1" covered="0"/><counter type="COMPLEXITY" missed="1" covered="0"/><counter type="METHOD" missed="1" covered="0"/></method><method name="&lt;clinit&gt;" desc="()V" line="22"><counter type="INSTRUCTION" missed="0" covered="5"/><counter type="LINE" missed="0" covered="1"/><counter type="COMPLEXITY" missed="0" covered="1"/><counter type="METHOD" missed="0" covered="1"/></method><counter type="INSTRUCTION" missed="242" covered="124"/><counter type="BRANCH" missed="43" covered="3"/><counter type="LINE" missed="6" covered="29"/><counter type="COMPLEXITY" missed="34" covered="5"/><counter type="METHOD" missed="12" covered="4"/><counter type="CLASS" missed="0" covered="1"/></class><sourcefile name="Tracker.java"><line nr="19" mi="208" ci="0" mb="42" cb="0"/><line nr="21" mi="3" ci="4" mb="0" cb="0"/><line nr="22" mi="0" ci="5" mb="0" cb="0"/><line nr="23" mi="3" ci="3" mb="0" cb="0"/><line nr="24" mi="3" ci="0" mb="0" cb="0"/><line nr="25" mi="3" ci="3" mb="0" cb="0"/><line nr="26" mi="3" ci="5" mb="0" cb="0"/><line nr="29" mi="8" ci="0" mb="0" cb="0"/><line nr="30" mi="1" ci="0" mb="0" cb="0"/><line nr="32" mi="0" ci="2" mb="0" cb="0"/><line nr="33" mi="0" ci="3" mb="0" cb="0"/><line nr="34" mi="0" ci="5" mb="0" cb="0"/><line nr="35" mi="0" ci="1" mb="0" cb="0"/><line nr="41" mi="0" ci="4" mb="0" cb="0"/><line nr="42" mi="0" ci="3" mb="0" cb="0"/><line nr="43" mi="0" ci="4" mb="0" cb="0"/><line nr="44" mi="0" ci="1" mb="0" cb="0"/><line nr="48" mi="0" ci="4" mb="0" cb="0"/><line nr="49" mi="0" ci="13" mb="0" cb="0"/><line nr="51" mi="0" ci="6" mb="1" cb="3"/><line nr="52" mi="0" ci="4" mb="0" cb="0"/><line nr="53" mi="0" ci="1" mb="0" cb="0"/><line nr="56" mi="0" ci="15" mb="0" cb="0"/><line nr="57" mi="0" ci="2" mb="0" cb="0"/><line nr="58" mi="6" ci="5" mb="0" cb="0"/><line nr="59" mi="0" ci="2" mb="0" cb="0"/><line nr="60" mi="0" ci="16" mb="0" cb="0"/><line nr="61" mi="0" ci="2" mb="0" cb="0"/><line nr="63" mi="0" ci="4" mb="0" cb="0"/><line nr="64" mi="3" ci="0" mb="0" cb="0"/><line nr="65" mi="0" ci="1" mb="0" cb="0"/><line nr="66" mi="0" ci="4" mb="0" cb="0"/><line nr="67" mi="0" ci="1" mb="0" cb="0"/><line nr="68" mi="1" ci="0" mb="0" cb="0"/><line nr="70" mi="0" ci="1" mb="0" cb="0"/><counter type="INSTRUCTION" missed="242" covered="124"/><counter type="BRANCH" missed="43" covered="3"/><counter type="LINE" missed="6" covered="29"/><counter type="COMPLEXITY" missed="34" covered="5"/><counter type="METHOD" missed="12" covered="4"/><counter type="CLASS" missed="0" covered="1"/></sourcefile><counter type="INSTRUCTION" missed="242" covered="124"/><counter type="BRANCH" missed="43" covered="3"/><counter type="LINE" missed="6" covered="29"/><counter type="COMPLEXITY" missed="34" covered="5"/><counter type="METHOD" missed="12" covered="4"/><counter type="CLASS" missed="0" covered="1"/></package><package name="tourGuide/JsonController"><class name="tourGuide/JsonController/NearByAttractions" sourcefilename="NearByAttractions.java"><method name="&lt;init&gt;" desc="()V" line="5"><counter type="INSTRUCTION" missed="0" covered="3"/><counter type="LINE" missed="0" covered="1"/><counter type="COMPLEXITY" missed="0" covered="1"/><counter type="METHOD" missed="0" covered="1"/></method><method name="getAttractionName" desc="()Ljava/lang/String;" line="8"><counter type="INSTRUCTION" missed="3" covered="0"/><counter type="LINE" missed="1" covered="0"/><counter type="COMPLEXITY" missed="1" covered="0"/><counter type="METHOD" missed="1" covered="0"/></method><method name="getTouristAttractionLongitude" desc="()Ljava/lang/Double;" line="9"><counter type="INSTRUCTION" missed="3" covered="0"/><counter type="LINE" missed="1" covered="0"/><counter type="COMPLEXITY" missed="1" covered="0"/><counter type="METHOD" missed="1" covered="0"/></method><method name="getTouristAttractionLatitude" desc="()Ljava/lang/Double;" line="10"><counter type="INSTRUCTION" missed="3" covered="0"/><counter type="LINE" missed="1" covered="0"/><counter type="COMPLEXITY" missed="1" covered="0"/><counter type="METHOD" missed="1" covered="0"/></method><method name="getUserLongitude" desc="()Ljava/lang/Double;" line="11"><counter type="INSTRUCTION" missed="3" covered="0"/><counter type="LINE" missed="1" covered="0"/><counter type="COMPLEXITY" missed="1" covered="0"/><counter type="METHOD" missed="1" covered="0"/></method><method name="getUserLatitude" desc="()Ljava/lang/Double;" line="12"><counter type="INSTRUCTION" missed="3" covered="0"/><counter type="LINE" missed="1" covered="0"/><counter type="COMPLEXITY" missed="1" covered="0"/><counter type="METHOD" missed="1" covered="0"/></method><method name="getDistanceInMiles" desc="()Ljava/lang/Double;" line="13"><counter type="INSTRUCTION" missed="3" covered="0"/><counter type="LINE" missed="1" covered="0"/><counter type="COMPLEXITY" missed="1" covered="0"/><counter type="METHOD" missed="1" covered="0"/></method><method name="getRewardsPoint" desc="()Ljava/lang/Integer;" line="14"><counter type="INSTRUCTION" missed="3" covered="0"/><counter type="LINE" missed="1" covered="0"/><counter type="COMPLEXITY" missed="1" covered="0"/><counter type="METHOD" missed="1" covered="0"/></method><method name="setAttractionName" desc="(Ljava/lang/String;)V" line="5"><counter type="INSTRUCTION" missed="0" covered="4"/><counter type="LINE" missed="0" covered="1"/><counter type="COMPLEXITY" missed="0" covered="1"/><counter type="METHOD" missed="0" covered="1"/></method><method name="setTouristAttractionLongitude" desc="(Ljava/lang/Double;)V" line="5"><counter type="INSTRUCTION" missed="0" covered="4"/><counter type="LINE" missed="0" covered="1"/><counter type="COMPLEXITY" missed="0" covered="1"/><counter type="METHOD" missed="0" covered="1"/></method><method name="setTouristAttractionLatitude" desc="(Ljava/lang/Double;)V" line="5"><counter type="INSTRUCTION" missed="0" covered="4"/><counter type="LINE" missed="0" covered="1"/><counter type="COMPLEXITY" missed="0" covered="1"/><counter type="METHOD" missed="0" covered="1"/></method><method name="setUserLongitude" desc="(Ljava/lang/Double;)V" line="5"><counter type="INSTRUCTION" missed="0" covered="4"/><counter type="LINE" missed="0" covered="1"/><counter type="COMPLEXITY" missed="0" covered="1"/><counter type="METHOD" missed="0" covered="1"/></method><method name="setUserLatitude" desc="(Ljava/lang/Double;)V" line="5"><counter type="INSTRUCTION" missed="0" covered="4"/><counter type="LINE" missed="0" covered="1"/><counter type="COMPLEXITY" missed="0" covered="1"/><counter type="METHOD" missed="0" covered="1"/></method><method name="setDistanceInMiles" desc="(Ljava/lang/Double;)V" line="5"><counter type="INSTRUCTION" missed="0" covered="4"/><counter type="LINE" missed="0" covered="1"/><counter type="COMPLEXITY" missed="0" covered="1"/><counter type="METHOD" missed="0" covered="1"/></method><method name="setRewardsPoint" desc="(Ljava/lang/Integer;)V" line="5"><counter type="INSTRUCTION" missed="0" covered="4"/><counter type="LINE" missed="0" covered="1"/><counter type="COMPLEXITY" missed="0" covered="1"/><counter type="METHOD" missed="0" covered="1"/></method><method name="equals" desc="(Ljava/lang/Object;)Z" line="5"><counter type="INSTRUCTION" missed="140" covered="0"/><counter type="BRANCH" missed="48" covered="0"/><counter type="LINE" missed="1" covered="0"/><counter type="COMPLEXITY" missed="25" covered="0"/><counter type="METHOD" missed="1" covered="0"/></method><method name="canEqual" desc="(Ljava/lang/Object;)Z" line="5"><counter type="INSTRUCTION" missed="3" covered="0"/><counter type="LINE" missed="1" covered="0"/><counter type="COMPLEXITY" missed="1" covered="0"/><counter type="METHOD" missed="1" covered="0"/></method><method name="hashCode" desc="()I" line="5"><counter type="INSTRUCTION" missed="104" covered="0"/><counter type="BRANCH" missed="14" covered="0"/><counter type="LINE" missed="1" covered="0"/><counter type="COMPLEXITY" missed="8" covered="0"/><counter type="METHOD" missed="1" covered="0"/></method><method name="toString" desc="()Ljava/lang/String;" line="5"><counter type="INSTRUCTION" missed="42" covered="0"/><counter type="LINE" missed="1" covered="0"/><counter type="COMPLEXITY" missed="1" covered="0"/><counter type="METHOD" missed="1" covered="0"/></method><counter type="INSTRUCTION" missed="310" covered="31"/><counter type="BRANCH" missed="62" covered="0"/><counter type="LINE" missed="7" covered="1"/><counter type="COMPLEXITY" missed="42" covered="8"/><counter type="METHOD" missed="11" covered="8"/><counter type="CLASS" missed="0" covered="1"/></class><sourcefile name="NearByAttractions.java"><line nr="5" mi="289" ci="31" mb="62" cb="0"/><line nr="8" mi="3" ci="0" mb="0" cb="0"/><line nr="9" mi="3" ci="0" mb="0" cb="0"/><line nr="10" mi="3" ci="0" mb="0" cb="0"/><line nr="11" mi="3" ci="0" mb="0" cb="0"/><line nr="12" mi="3" ci="0" mb="0" cb="0"/><line nr="13" mi="3" ci="0" mb="0" cb="0"/><line nr="14" mi="3" ci="0" mb="0" cb="0"/><counter type="INSTRUCTION" missed="310" covered="31"/><counter type="BRANCH" missed="62" covered="0"/><counter type="LINE" missed="7" covered="1"/><counter type="COMPLEXITY" missed="42" covered="8"/><counter type="METHOD" missed="11" covered="8"/><counter type="CLASS" missed="0" covered="1"/></sourcefile><counter type="INSTRUCTION" missed="310" covered="31"/><counter type="BRANCH" missed="62" covered="0"/><counter type="LINE" missed="7" covered="1"/><counter type="COMPLEXITY" missed="42" covered="8"/><counter type="METHOD" missed="11" covered="8"/><counter type="CLASS" missed="0" covered="1"/></package><package name="tourGuide/helper"><class name="tourGuide/helper/TrackerHighVolumeTrackLocation" sourcefilename="TrackerHighVolumeTrackLocation.java"><method name="setUserTreatement" desc="(Ljava/util/List;)V" line="26"><counter type="INSTRUCTION" missed="0" covered="9"/><counter type="LINE" missed="0" covered="2"/><counter type="COMPLEXITY" missed="0" covered="1"/><counter type="METHOD" missed="0" covered="1"/></method><method name="&lt;init&gt;" desc="(LtourGuide/service/TourGuideService;)V" line="20"><counter type="INSTRUCTION" missed="0" covered="18"/><counter type="LINE" missed="0" covered="6"/><counter type="COMPLEXITY" missed="0" covered="1"/><counter type="METHOD" missed="0" covered="1"/></method><method name="run" desc="()V" line="35"><counter type="INSTRUCTION" missed="5" covered="66"/><counter type="BRANCH" missed="2" covered="2"/><counter type="LINE" missed="2" covered="10"/><counter type="COMPLEXITY" missed="2" covered="1"/><counter type="METHOD" missed="0" covered="1"/></method><method name="getLogger" desc="()Lorg/slf4j/Logger;" line="20"><counter type="INSTRUCTION" missed="3" covered="0"/><counter type="LINE" missed="1" covered="0"/><counter type="COMPLEXITY" missed="1" covered="0"/><counter type="METHOD" missed="1" covered="0"/></method><method name="getTourGuideService" desc="()LtourGuide/service/TourGuideService;" line="21"><counter type="INSTRUCTION" missed="3" covered="0"/><counter type="LINE" missed="1" covered="0"/><counter type="COMPLEXITY" missed="1" covered="0"/><counter type="METHOD" missed="1" covered="0"/></method><method name="isStop" desc="()Z" line="22"><counter type="INSTRUCTION" missed="3" covered="0"/><counter type="LINE" missed="1" covered="0"/><counter type="COMPLEXITY" missed="1" covered="0"/><counter type="METHOD" missed="1" covered="0"/></method><method name="getUserTreatement" desc="()Ljava/util/List;" line="23"><counter type="INSTRUCTION" missed="0" covered="3"/><counter type="LINE" missed="0" covered="1"/><counter type="COMPLEXITY" missed="0" covered="1"/><counter type="METHOD" missed="0" covered="1"/></method><method name="setStop" desc="(Z)V" line="18"><counter type="INSTRUCTION" missed="4" covered="0"/><counter type="LINE" missed="1" covered="0"/><counter type="COMPLEXITY" missed="1" covered="0"/><counter type="METHOD" missed="1" covered="0"/></method><method name="equals" desc="(Ljava/lang/Object;)Z" line="18"><counter type="INSTRUCTION" missed="79" covered="0"/><counter type="BRANCH" missed="26" covered="0"/><counter type="LINE" missed="1" covered="0"/><counter type="COMPLEXITY" missed="14" covered="0"/><counter type="METHOD" missed="1" covered="0"/></method><method name="canEqual" desc="(Ljava/lang/Object;)Z" line="18"><counter type="INSTRUCTION" missed="3" covered="0"/><counter type="LINE" missed="1" covered="0"/><counter type="COMPLEXITY" missed="1" covered="0"/><counter type="METHOD" missed="1" covered="0"/></method><method name="hashCode" desc="()I" line="18"><counter type="INSTRUCTION" missed="59" covered="0"/><counter type="BRANCH" missed="8" covered="0"/><counter type="LINE" missed="1" covered="0"/><counter type="COMPLEXITY" missed="5" covered="0"/><counter type="METHOD" missed="1" covered="0"/></method><method name="toString" desc="()Ljava/lang/String;" line="18"><counter type="INSTRUCTION" missed="27" covered="0"/><counter type="LINE" missed="1" covered="0"/><counter type="COMPLEXITY" missed="1" covered="0"/><counter type="METHOD" missed="1" covered="0"/></method><method name="lambda$run$0" desc="(LtourGuide/user/User;)V" line="45"><counter type="INSTRUCTION" missed="0" covered="6"/><counter type="LINE" missed="0" covered="1"/><counter type="COMPLEXITY" missed="0" covered="1"/><counter type="METHOD" missed="0" covered="1"/></method><counter type="INSTRUCTION" missed="186" covered="102"/><counter type="BRANCH" missed="36" covered="2"/><counter type="LINE" missed="4" covered="18"/><counter type="COMPLEXITY" missed="27" covered="5"/><counter type="METHOD" missed="8" covered="5"/><counter type="CLASS" missed="0" covered="1"/></class><class name="tourGuide/helper/InternalTestHelper" sourcefilename="InternalTestHelper.java"><method name="&lt;init&gt;" desc="()V" line="3"><counter type="INSTRUCTION" missed="3" covered="0"/><counter type="LINE" missed="1" covered="0"/><counter type="COMPLEXITY" missed="1" covered="0"/><counter type="METHOD" missed="1" covered="0"/></method><method name="setInternalUserNumber" desc="(I)V" line="9"><counter type="INSTRUCTION" missed="0" covered="3"/><counter type="LINE" missed="0" covered="2"/><counter type="COMPLEXITY" missed="0" covered="1"/><counter type="METHOD" missed="0" covered="1"/></method><method name="getInternalUserNumber" desc="()I" line="13"><counter type="INSTRUCTION" missed="0" covered="2"/><counter type="LINE" missed="0" covered="1"/><counter type="COMPLEXITY" missed="0" covered="1"/><counter type="METHOD" missed="0" covered="1"/></method><method name="&lt;clinit&gt;" desc="()V" line="6"><counter type="INSTRUCTION" missed="0" covered="3"/><counter type="LINE" missed="0" covered="1"/><counter type="COMPLEXITY" missed="0" covered="1"/><counter type="METHOD" missed="0" covered="1"/></method><counter type="INSTRUCTION" missed="3" covered="8"/><counter type="LINE" missed="1" covered="4"/><counter type="COMPLEXITY" missed="1" covered="3"/><counter type="METHOD" missed="1" covered="3"/><counter type="CLASS" missed="0" covered="1"/></class><class name="tourGuide/helper/TrackerHighVolumeGetRewards" sourcefilename="TrackerHighVolumeGetRewards.java"><method name="setUserTreatement" desc="(Ljava/util/List;)V" line="33"><counter type="INSTRUCTION" missed="0" covered="9"/><counter type="LINE" missed="0" covered="2"/><counter type="COMPLEXITY" missed="0" covered="1"/><counter type="METHOD" missed="0" covered="1"/></method><method name="&lt;init&gt;" desc="(LtourGuide/service/RewardsService;)V" line="23"><counter type="INSTRUCTION" missed="0" covered="23"/><counter type="LINE" missed="0" covered="7"/><counter type="COMPLEXITY" missed="0" covered="1"/><counter type="METHOD" missed="0" covered="1"/></method><method name="stopTracking" desc="()V" line="45"><counter type="INSTRUCTION" missed="8" covered="0"/><counter type="LINE" missed="3" covered="0"/><counter type="COMPLEXITY" missed="1" covered="0"/><counter type="METHOD" missed="1" covered="0"/></method><method name="run" desc="()V" line="52"><counter type="INSTRUCTION" missed="5" covered="79"/><counter type="BRANCH" missed="2" covered="2"/><counter type="LINE" missed="2" covered="13"/><counter type="COMPLEXITY" missed="2" covered="1"/><counter type="METHOD" missed="0" covered="1"/></method><method name="getLogger" desc="()Lorg/slf4j/Logger;" line="23"><counter type="INSTRUCTION" missed="3" covered="0"/><counter type="LINE" missed="1" covered="0"/><counter type="COMPLEXITY" missed="1" covered="0"/><counter type="METHOD" missed="1" covered="0"/></method><method name="getRewardsService" desc="()LtourGuide/service/RewardsService;" line="26"><counter type="INSTRUCTION" missed="3" covered="0"/><counter type="LINE" missed="1" covered="0"/><counter type="COMPLEXITY" missed="1" covered="0"/><counter type="METHOD" missed="1" covered="0"/></method><method name="isStop" desc="()Z" line="27"><counter type="INSTRUCTION" missed="3" covered="0"/><counter type="LINE" missed="1" covered="0"/><counter type="COMPLEXITY" missed="1" covered="0"/><counter type="METHOD" missed="1" covered="0"/></method><method name="getUserTreatement" desc="()Ljava/util/List;" line="28"><counter type="INSTRUCTION" missed="0" covered="3"/><counter type="LINE" missed="0" covered="1"/><counter type="COMPLEXITY" missed="0" covered="1"/><counter type="METHOD" missed="0" covered="1"/></method><method name="getGpsUtil" desc="()LgpsUtil/GpsUtil;" line="29"><counter type="INSTRUCTION" missed="3" covered="0"/><counter type="LINE" missed="1" covered="0"/><counter type="COMPLEXITY" missed="1" covered="0"/><counter type="METHOD" missed="1" covered="0"/></method><method name="setStop" desc="(Z)V" line="21"><counter type="INSTRUCTION" missed="4" covered="0"/><counter type="LINE" missed="1" covered="0"/><counter type="COMPLEXITY" missed="1" covered="0"/><counter type="METHOD" missed="1" covered="0"/></method><method name="setGpsUtil" desc="(LgpsUtil/GpsUtil;)V" line="21"><counter type="INSTRUCTION" missed="4" covered="0"/><counter type="LINE" missed="1" covered="0"/><counter type="COMPLEXITY" missed="1" covered="0"/><counter type="METHOD" missed="1" covered="0"/></method><method name="equals" desc="(Ljava/lang/Object;)Z" line="21"><counter type="INSTRUCTION" missed="96" covered="0"/><counter type="BRANCH" missed="32" covered="0"/><counter type="LINE" missed="1" covered="0"/><counter type="COMPLEXITY" missed="17" covered="0"/><counter type="METHOD" missed="1" covered="0"/></method><method name="canEqual" desc="(Ljava/lang/Object;)Z" line="21"><counter type="INSTRUCTION" missed="3" covered="0"/><counter type="LINE" missed="1" covered="0"/><counter type="COMPLEXITY" missed="1" covered="0"/><counter type="METHOD" missed="1" covered="0"/></method><method name="hashCode" desc="()I" line="21"><counter type="INSTRUCTION" missed="73" covered="0"/><counter type="BRANCH" missed="10" covered="0"/><counter type="LINE" missed="1" covered="0"/><counter type="COMPLEXITY" missed="6" covered="0"/><counter type="METHOD" missed="1" covered="0"/></method><method name="toString" desc="()Ljava/lang/String;" line="21"><counter type="INSTRUCTION" missed="32" covered="0"/><counter type="LINE" missed="1" covered="0"/><counter type="COMPLEXITY" missed="1" covered="0"/><counter type="METHOD" missed="1" covered="0"/></method><method name="lambda$run$1" desc="(LtourGuide/user/User;)V" line="65"><counter type="INSTRUCTION" missed="0" covered="5"/><counter type="LINE" missed="0" covered="1"/><counter type="COMPLEXITY" missed="0" covered="1"/><counter type="METHOD" missed="0" covered="1"/></method><method name="lambda$run$0" desc="(LgpsUtil/location/Attraction;LtourGuide/user/User;)V" line="63"><counter type="INSTRUCTION" missed="0" covered="12"/><counter type="LINE" missed="0" covered="1"/><counter type="COMPLEXITY" missed="0" covered="1"/><counter type="METHOD" missed="0" covered="1"/></method><method name="&lt;clinit&gt;" desc="()V" line="24"><counter type="INSTRUCTION" missed="0" covered="5"/><counter type="LINE" missed="0" covered="1"/><counter type="COMPLEXITY" missed="0" covered="1"/><counter type="METHOD" missed="0" covered="1"/></method><counter type="INSTRUCTION" missed="237" covered="136"/><counter type="BRANCH" missed="44" covered="2"/><counter type="LINE" missed="7" covered="23"/><counter type="COMPLEXITY" missed="34" covered="7"/><counter type="METHOD" missed="11" covered="7"/><counter type="CLASS" missed="0" covered="1"/></class><sourcefile name="InternalTestHelper.java"><line nr="3" mi="3" ci="0" mb="0" cb="0"/><line nr="6" mi="0" ci="3" mb="0" cb="0"/><line nr="9" mi="0" ci="2" mb="0" cb="0"/><line nr="10" mi="0" ci="1" mb="0" cb="0"/><line nr="13" mi="0" ci="2" mb="0" cb="0"/><counter type="INSTRUCTION" missed="3" covered="8"/><counter type="LINE" missed="1" covered="4"/><counter type="COMPLEXITY" missed="1" covered="3"/><counter type="METHOD" missed="1" covered="3"/><counter type="CLASS" missed="0" covered="1"/></sourcefile><sourcefile name="TrackerHighVolumeTrackLocation.java"><line nr="18" mi="172" ci="0" mb="34" cb="0"/><line nr="20" mi="3" ci="4" mb="0" cb="0"/><line nr="21" mi="3" ci="0" mb="0" cb="0"/><line nr="22" mi="3" ci="3" mb="0" cb="0"/><line nr="23" mi="0" ci="8" mb="0" cb="0"/><line nr="26" mi="0" ci="8" mb="0" cb="0"/><line nr="27" mi="0" ci="1" mb="0" cb="0"/><line nr="29" mi="0" ci="2" mb="0" cb="0"/><line nr="30" mi="0" ci="3" mb="0" cb="0"/><line nr="31" mi="0" ci="1" mb="0" cb="0"/><line nr="35" mi="0" ci="4" mb="0" cb="0"/><line nr="36" mi="0" ci="13" mb="0" cb="0"/><line nr="38" mi="0" ci="6" mb="2" cb="2"/><line nr="39" mi="4" ci="0" mb="0" cb="0"/><line nr="40" mi="1" ci="0" mb="0" cb="0"/><line nr="43" mi="0" ci="15" mb="0" cb="0"/><line nr="44" mi="0" ci="2" mb="0" cb="0"/><line nr="45" mi="0" ci="11" mb="0" cb="0"/><line nr="46" mi="0" ci="2" mb="0" cb="0"/><line nr="47" mi="0" ci="16" mb="0" cb="0"/><line nr="48" mi="0" ci="2" mb="0" cb="0"/><line nr="51" mi="0" ci="1" mb="0" cb="0"/><counter type="INSTRUCTION" missed="186" covered="102"/><counter type="BRANCH" missed="36" covered="2"/><counter type="LINE" missed="4" covered="18"/><counter type="COMPLEXITY" missed="27" covered="5"/><counter type="METHOD" missed="8" covered="5"/><counter type="CLASS" missed="0" covered="1"/></sourcefile><sourcefile name="TrackerHighVolumeGetRewards.java"><line nr="21" mi="212" ci="0" mb="42" cb="0"/><line nr="23" mi="3" ci="4" mb="0" cb="0"/><line nr="24" mi="0" ci="5" mb="0" cb="0"/><line nr="26" mi="3" ci="0" mb="0" cb="0"/><line nr="27" mi="3" ci="3" mb="0" cb="0"/><line nr="28" mi="0" ci="8" mb="0" cb="0"/><line nr="29" mi="3" ci="5" mb="0" cb="0"/><line nr="33" mi="0" ci="8" mb="0" cb="0"/><line nr="34" mi="0" ci="1" mb="0" cb="0"/><line nr="36" mi="0" ci="2" mb="0" cb="0"/><line nr="37" mi="0" ci="3" mb="0" cb="0"/><line nr="39" mi="0" ci="1" mb="0" cb="0"/><line nr="45" mi="4" ci="0" mb="0" cb="0"/><line nr="46" mi="3" ci="0" mb="0" cb="0"/><line nr="48" mi="1" ci="0" mb="0" cb="0"/><line nr="52" mi="0" ci="4" mb="0" cb="0"/><line nr="53" mi="0" ci="13" mb="0" cb="0"/><line nr="55" mi="0" ci="6" mb="2" cb="2"/><line nr="56" mi="4" ci="0" mb="0" cb="0"/><line nr="57" mi="1" ci="0" mb="0" cb="0"/><line nr="61" mi="0" ci="15" mb="0" cb="0"/><line nr="62" mi="0" ci="7" mb="0" cb="0"/><line nr="63" mi="0" ci="17" mb="0" cb="0"/><line nr="64" mi="0" ci="2" mb="0" cb="0"/><line nr="65" mi="0" ci="10" mb="0" cb="0"/><line nr="66" mi="0" ci="2" mb="0" cb="0"/><line nr="68" mi="0" ci="16" mb="0" cb="0"/><line nr="69" mi="0" ci="2" mb="0" cb="0"/><line nr="70" mi="0" ci="1" mb="0" cb="0"/><line nr="72" mi="0" ci="1" mb="0" cb="0"/><counter type="INSTRUCTION" missed="237" covered="136"/><counter type="BRANCH" missed="44" covered="2"/><counter type="LINE" missed="7" covered="23"/><counter type="COMPLEXITY" missed="34" covered="7"/><counter type="METHOD" missed="11" covered="7"/><counter type="CLASS" missed="0" covered="1"/></sourcefile><counter type="INSTRUCTION" missed="426" covered="246"/><counter type="BRANCH" missed="80" covered="4"/><counter type="LINE" missed="12" covered="45"/><counter type="COMPLEXITY" missed="62" covered="15"/><counter type="METHOD" missed="20" covered="15"/><counter type="CLASS" missed="0" covered="3"/></package><package name="tourGuide/service"><class name="tourGuide/service/RewardsService" sourcefilename="RewardsService.java"><method name="&lt;init&gt;" desc="(LgpsUtil/GpsUtil;LrewardCentral/RewardCentral;)V" line="23"><counter type="INSTRUCTION" missed="0" covered="22"/><counter type="LINE" missed="0" covered="8"/><counter type="COMPLEXITY" missed="0" covered="1"/><counter type="METHOD" missed="0" covered="1"/></method><method name="setProximityBuffer" desc="(I)V" line="38"><counter type="INSTRUCTION" missed="0" covered="4"/><counter type="LINE" missed="0" covered="2"/><counter type="COMPLEXITY" missed="0" covered="1"/><counter type="METHOD" missed="0" covered="1"/></method><method name="setDefaultProximityBuffer" desc="()V" line="42"><counter type="INSTRUCTION" missed="4" covered="0"/><counter type="LINE" missed="2" covered="0"/><counter type="COMPLEXITY" missed="1" covered="0"/><counter type="METHOD" missed="1" covered="0"/></method><method name="calculateRewards" desc="(LtourGuide/user/User;)V" line="47"><counter type="INSTRUCTION" missed="0" covered="67"/><counter type="BRANCH" missed="0" covered="8"/><counter type="LINE" missed="0" covered="13"/><counter type="COMPLEXITY" missed="0" covered="5"/><counter type="METHOD" missed="0" covered="1"/></method><method name="isWithinAttractionProximity" desc="(LgpsUtil/location/Attraction;LgpsUtil/location/Location;)Z" line="68"><counter type="INSTRUCTION" missed="0" covered="11"/><counter type="BRANCH" missed="0" covered="2"/><counter type="LINE" missed="0" covered="1"/><counter type="COMPLEXITY" missed="0" covered="2"/><counter type="METHOD" missed="0" covered="1"/></method><method name="nearAttraction" desc="(LgpsUtil/location/VisitedLocation;LgpsUtil/location/Attraction;)Z" line="72"><counter type="INSTRUCTION" missed="0" covered="14"/><counter type="BRANCH" missed="0" covered="2"/><counter type="LINE" missed="0" covered="1"/><counter type="COMPLEXITY" missed="0" covered="2"/><counter type="METHOD" missed="0" covered="1"/></method><method name="getRewardPoints" desc="(LgpsUtil/location/Attraction;LtourGuide/user/User;)I" line="76"><counter type="INSTRUCTION" missed="0" covered="8"/><counter type="LINE" missed="0" covered="1"/><counter type="COMPLEXITY" missed="0" covered="1"/><counter type="METHOD" missed="0" covered="1"/></method><method name="getDistance" desc="(LgpsUtil/location/Location;LgpsUtil/location/Location;)D" line="80"><counter type="INSTRUCTION" missed="0" covered="45"/><counter type="LINE" missed="0" covered="9"/><counter type="COMPLEXITY" missed="0" covered="1"/><counter type="METHOD" missed="0" covered="1"/></method><method name="lambda$calculateRewards$0" desc="(LgpsUtil/location/Attraction;LtourGuide/user/UserReward;)Z" line="56"><counter type="INSTRUCTION" missed="0" covered="7"/><counter type="LINE" missed="0" covered="1"/><counter type="COMPLEXITY" missed="0" covered="1"/><counter type="METHOD" missed="0" covered="1"/></method><counter type="INSTRUCTION" missed="4" covered="178"/><counter type="BRANCH" missed="0" covered="12"/><counter type="LINE" missed="2" covered="35"/><counter type="COMPLEXITY" missed="1" covered="14"/><counter type="METHOD" missed="1" covered="8"/><counter type="CLASS" missed="0" covered="1"/></class><class name="tourGuide/service/TourGuideService" sourcefilename="TourGuideService.java"><method name="&lt;init&gt;" desc="(LgpsUtil/GpsUtil;LtourGuide/service/RewardsService;)V" line="32"><counter type="INSTRUCTION" missed="0" covered="51"/><counter type="BRANCH" missed="1" covered="1"/><counter type="LINE" missed="0" covered="15"/><counter type="COMPLEXITY" missed="1" covered="1"/><counter type="METHOD" missed="0" covered="1"/></method><method name="getUserRewards" desc="(LtourGuide/user/User;)Ljava/util/List;" line="54"><counter type="INSTRUCTION" missed="0" covered="3"/><counter type="LINE" missed="0" covered="1"/><counter type="COMPLEXITY" missed="0" covered="1"/><counter type="METHOD" missed="0" covered="1"/></method><method name="getUserLocation" desc="(LtourGuide/user/User;)LgpsUtil/location/VisitedLocation;" line="58"><counter type="INSTRUCTION" missed="13" covered="0"/><counter type="BRANCH" missed="2" covered="0"/><counter type="LINE" missed="4" covered="0"/><counter type="COMPLEXITY" missed="2" covered="0"/><counter type="METHOD" missed="1" covered="0"/></method><method name="getUser" desc="(Ljava/lang/String;)LtourGuide/user/User;" line="65"><counter type="INSTRUCTION" missed="0" covered="6"/><counter type="LINE" missed="0" covered="1"/><counter type="COMPLEXITY" missed="0" covered="1"/><counter type="METHOD" missed="0" covered="1"/></method><method name="getAllUsers" desc="()Ljava/util/List;" line="69"><counter type="INSTRUCTION" missed="0" covered="8"/><counter type="LINE" missed="0" covered="1"/><counter type="COMPLEXITY" missed="0" covered="1"/><counter type="METHOD" missed="0" covered="1"/></method><method name="addUser" desc="(LtourGuide/user/User;)V" line="73"><counter type="INSTRUCTION" missed="0" covered="14"/><counter type="BRANCH" missed="1" covered="1"/><counter type="LINE" missed="0" covered="3"/><counter type="COMPLEXITY" missed="1" covered="1"/><counter type="METHOD" missed="0" covered="1"/></method><method name="getTripDeals" desc="(LtourGuide/user/User;)Ljava/util/List;" line="79"><counter type="INSTRUCTION" missed="0" covered="29"/><counter type="LINE" missed="0" covered="5"/><counter type="COMPLEXITY" missed="0" covered="1"/><counter type="METHOD" missed="0" covered="1"/></method><method name="trackUserLocation" desc="(LtourGuide/user/User;)LgpsUtil/location/VisitedLocation;" line="88"><counter type="INSTRUCTION" missed="0" covered="17"/><counter type="LINE" missed="0" covered="5"/><counter type="COMPLEXITY" missed="0" covered="1"/><counter type="METHOD" missed="0" covered="1"/></method><method name="getNearByAttractions" desc="(LgpsUtil/location/VisitedLocation;)Ljava/util/List;" line="96"><counter type="INSTRUCTION" missed="57" covered="135"/><counter type="BRANCH" missed="1" covered="5"/><counter type="LINE" missed="11" covered="23"/><counter type="COMPLEXITY" missed="1" covered="3"/><counter type="METHOD" missed="0" covered="1"/></method><method name="addShutDownHook" desc="()V" line="134"><counter type="INSTRUCTION" missed="0" covered="7"/><counter type="LINE" missed="0" covered="2"/><counter type="COMPLEXITY" missed="0" covered="1"/><counter type="METHOD" missed="0" covered="1"/></method><method name="initializeInternalUsers" desc="()V" line="150"><counter type="INSTRUCTION" missed="0" covered="20"/><counter type="LINE" missed="0" covered="3"/><counter type="COMPLEXITY" missed="0" covered="1"/><counter type="METHOD" missed="0" covered="1"/></method><method name="generateUserLocationHistory" desc="(LtourGuide/user/User;)V" line="165"><counter type="INSTRUCTION" missed="0" covered="8"/><counter type="LINE" missed="0" covered="2"/><counter type="COMPLEXITY" missed="0" covered="1"/><counter type="METHOD" missed="0" covered="1"/></method><method name="generateUserPreference" desc="(LtourGuide/user/User;)V" line="171"><counter type="INSTRUCTION" missed="0" covered="76"/><counter type="LINE" missed="0" covered="11"/><counter type="COMPLEXITY" missed="0" covered="1"/><counter type="METHOD" missed="0" covered="1"/></method><method name="generateRandomLongitude" desc="()D" line="185"><counter type="INSTRUCTION" missed="0" covered="15"/><counter type="LINE" missed="0" covered="3"/><counter type="COMPLEXITY" missed="0" covered="1"/><counter type="METHOD" missed="0" covered="1"/></method><method name="generateRandomLatitude" desc="()D" line="191"><counter type="INSTRUCTION" missed="0" covered="15"/><counter type="LINE" missed="0" covered="3"/><counter type="COMPLEXITY" missed="0" covered="1"/><counter type="METHOD" missed="0" covered="1"/></method><method name="getRandomTime" desc="()Ljava/util/Date;" line="197"><counter type="INSTRUCTION" missed="0" covered="14"/><counter type="LINE" missed="0" covered="2"/><counter type="COMPLEXITY" missed="0" covered="1"/><counter type="METHOD" missed="0" covered="1"/></method><method name="lambda$generateUserLocationHistory$2" desc="(LtourGuide/user/User;I)V" line="166"><counter type="INSTRUCTION" missed="0" covered="17"/><counter type="LINE" missed="0" covered="2"/><counter type="COMPLEXITY" missed="0" covered="1"/><counter type="METHOD" missed="0" covered="1"/></method><method name="lambda$initializeInternalUsers$1" desc="(I)V" line="151"><counter type="INSTRUCTION" missed="0" covered="41"/><counter type="LINE" missed="0" covered="8"/><counter type="COMPLEXITY" missed="0" covered="1"/><counter type="METHOD" missed="0" covered="1"/></method><method name="lambda$getTripDeals$0" desc="(LtourGuide/user/UserReward;)I" line="79"><counter type="INSTRUCTION" missed="3" covered="0"/><counter type="LINE" missed="1" covered="0"/><counter type="COMPLEXITY" missed="1" covered="0"/><counter type="METHOD" missed="1" covered="0"/></method><counter type="INSTRUCTION" missed="73" covered="476"/><counter type="BRANCH" missed="5" covered="7"/><counter type="LINE" missed="15" covered="90"/><counter type="COMPLEXITY" missed="6" covered="19"/><counter type="METHOD" missed="2" covered="17"/><counter type="CLASS" missed="0" covered="1"/></class><class name="tourGuide/service/TourGuideService$1" sourcefilename="TourGuideService.java"><method name="&lt;init&gt;" desc="(LtourGuide/service/TourGuideService;)V" line="134"><counter type="INSTRUCTION" missed="0" covered="6"/><counter type="LINE" missed="0" covered="1"/><counter type="COMPLEXITY" missed="0" covered="1"/><counter type="METHOD" missed="0" covered="1"/></method><method name="run" desc="()V" line="136"><counter type="INSTRUCTION" missed="0" covered="5"/><counter type="LINE" missed="0" covered="2"/><counter type="COMPLEXITY" missed="0" covered="1"/><counter type="METHOD" missed="0" covered="1"/></method><counter type="INSTRUCTION" missed="0" covered="11"/><counter type="LINE" missed="0" covered="3"/><counter type="COMPLEXITY" missed="0" covered="2"/><counter type="METHOD" missed="0" covered="2"/><counter type="CLASS" missed="0" covered="1"/></class><sourcefile name="RewardsService.java"><line nr="23" mi="0" ci="4" mb="0" cb="0"/><line nr="24" mi="0" ci="3" mb="0" cb="0"/><line nr="25" mi="0" ci="3" mb="0" cb="0"/><line nr="26" mi="0" ci="3" mb="0" cb="0"/><line nr="31" mi="0" ci="2" mb="0" cb="0"/><line nr="32" mi="0" ci="3" mb="0" cb="0"/><line nr="33" mi="0" ci="3" mb="0" cb="0"/><line nr="35" mi="0" ci="1" mb="0" cb="0"/><line nr="38" mi="0" ci="3" mb="0" cb="0"/><line nr="39" mi="0" ci="1" mb="0" cb="0"/><line nr="42" mi="3" ci="0" mb="0" cb="0"/><line nr="43" mi="1" ci="0" mb="0" cb="0"/><line nr="47" mi="0" ci="3" mb="0" cb="0"/><line nr="48" mi="0" ci="4" mb="0" cb="0"/><line nr="49" mi="0" ci="4" mb="0" cb="0"/><line nr="53" mi="0" ci="4" mb="0" cb="0"/><line nr="54" mi="0" ci="10" mb="0" cb="2"/><line nr="55" mi="0" ci="10" mb="0" cb="2"/><line nr="56" mi="0" ci="17" mb="0" cb="2"/><line nr="57" mi="0" ci="5" mb="0" cb="2"/><line nr="58" mi="0" ci="11" mb="0" cb="0"/><line nr="61" mi="0" ci="1" mb="0" cb="0"/><line nr="62" mi="0" ci="1" mb="0" cb="0"/><line nr="63" mi="0" ci="3" mb="0" cb="0"/><line nr="65" mi="0" ci="1" mb="0" cb="0"/><line nr="68" mi="0" ci="11" mb="0" cb="2"/><line nr="72" mi="0" ci="14" mb="0" cb="2"/><line nr="76" mi="0" ci="8" mb="0" cb="0"/><line nr="80" mi="0" ci="4" mb="0" cb="0"/><line nr="81" mi="0" ci="4" mb="0" cb="0"/><line nr="82" mi="0" ci="4" mb="0" cb="0"/><line nr="83" mi="0" ci="4" mb="0" cb="0"/><line nr="85" mi="0" ci="8" mb="0" cb="0"/><line nr="86" mi="0" ci="10" mb="0" cb="0"/><line nr="88" mi="0" ci="5" mb="0" cb="0"/><line nr="89" mi="0" ci="4" mb="0" cb="0"/><line nr="90" mi="0" ci="2" mb="0" cb="0"/><counter type="INSTRUCTION" missed="4" covered="178"/><counter type="BRANCH" missed="0" covered="12"/><counter type="LINE" missed="2" covered="35"/><counter type="COMPLEXITY" missed="1" covered="14"/><counter type="METHOD" missed="1" covered="8"/><counter type="CLASS" missed="0" covered="1"/></sourcefile><sourcefile name="TourGuideService.java"><line nr="32" mi="0" ci="4" mb="0" cb="0"/><line nr="35" mi="0" ci="5" mb="0" cb="0"/><line nr="37" mi="0" ci="3" mb="0" cb="0"/><line nr="39" mi="0" ci="2" mb="0" cb="0"/><line nr="40" mi="0" ci="3" mb="0" cb="0"/><line nr="41" mi="0" ci="3" mb="0" cb="0"/><line nr="43" mi="0" ci="3" mb="1" cb="1"/><line nr="44" mi="0" ci="4" mb="0" cb="0"/><line nr="45" mi="0" ci="4" mb="0" cb="0"/><line nr="46" mi="0" ci="2" mb="0" cb="0"/><line nr="47" mi="0" ci="4" mb="0" cb="0"/><line nr="49" mi="0" ci="6" mb="0" cb="0"/><line nr="50" mi="0" ci="2" mb="0" cb="0"/><line nr="51" mi="0" ci="1" mb="0" cb="0"/><line nr="54" mi="0" ci="3" mb="0" cb="0"/><line nr="58" mi="5" ci="0" mb="2" cb="0"/><line nr="59" mi="4" ci="0" mb="0" cb="0"/><line nr="60" mi="2" ci="0" mb="0" cb="0"/><line nr="61" mi="2" ci="0" mb="0" cb="0"/><line nr="65" mi="0" ci="6" mb="0" cb="0"/><line nr="69" mi="0" ci="8" mb="0" cb="0"/><line nr="73" mi="0" ci="6" mb="1" cb="1"/><line nr="74" mi="0" ci="7" mb="0" cb="0"/><line nr="76" mi="0" ci="1" mb="0" cb="0"/><line nr="79" mi="3" ci="7" mb="0" cb="0"/><line nr="80" mi="0" ci="11" mb="0" cb="0"/><line nr="81" mi="0" ci="6" mb="0" cb="0"/><line nr="82" mi="0" ci="3" mb="0" cb="0"/><line nr="83" mi="0" ci="2" mb="0" cb="0"/><line nr="88" mi="0" ci="2" mb="0" cb="0"/><line nr="89" mi="0" ci="6" mb="0" cb="0"/><line nr="90" mi="0" ci="3" mb="0" cb="0"/><line nr="91" mi="0" ci="4" mb="0" cb="0"/><line nr="92" mi="0" ci="2" mb="0" cb="0"/><line nr="96" mi="0" ci="4" mb="0" cb="0"/><line nr="97" mi="0" ci="4" mb="0" cb="0"/><line nr="98" mi="0" ci="4" mb="0" cb="0"/><line nr="99" mi="0" ci="4" mb="0" cb="0"/><line nr="100" mi="0" ci="12" mb="0" cb="2"/><line nr="101" mi="0" ci="7" mb="1" cb="1"/><line nr="102" mi="4" ci="0" mb="0" cb="0"/><line nr="103" mi="4" ci="0" mb="0" cb="0"/><line nr="104" mi="9" ci="0" mb="0" cb="0"/><line nr="105" mi="9" ci="0" mb="0" cb="0"/><line nr="106" mi="5" ci="0" mb="0" cb="0"/><line nr="107" mi="5" ci="0" mb="0" cb="0"/><line nr="108" mi="6" ci="0" mb="0" cb="0"/><line nr="109" mi="6" ci="0" mb="0" cb="0"/><line nr="110" mi="4" ci="0" mb="0" cb="0"/><line nr="111" mi="4" ci="0" mb="0" cb="0"/><line nr="112" mi="1" ci="0" mb="0" cb="0"/><line nr="113" mi="0" ci="11" mb="0" cb="0"/><line nr="115" mi="0" ci="1" mb="0" cb="0"/><line nr="116" mi="0" ci="4" mb="0" cb="2"/><line nr="117" mi="0" ci="4" mb="0" cb="0"/><line nr="118" mi="0" ci="6" mb="0" cb="0"/><line nr="119" mi="0" ci="4" mb="0" cb="0"/><line nr="120" mi="0" ci="7" mb="0" cb="0"/><line nr="121" mi="0" ci="12" mb="0" cb="0"/><line nr="122" mi="0" ci="12" mb="0" cb="0"/><line nr="123" mi="0" ci="8" mb="0" cb="0"/><line nr="124" mi="0" ci="8" mb="0" cb="0"/><line nr="125" mi="0" ci="6" mb="0" cb="0"/><line nr="126" mi="0" ci="6" mb="0" cb="0"/><line nr="127" mi="0" ci="4" mb="0" cb="0"/><line nr="128" mi="0" ci="4" mb="0" cb="0"/><line nr="129" mi="0" ci="1" mb="0" cb="0"/><line nr="130" mi="0" ci="2" mb="0" cb="0"/><line nr="134" mi="0" ci="12" mb="0" cb="0"/><line nr="136" mi="0" ci="4" mb="0" cb="0"/><line nr="137" mi="0" ci="1" mb="0" cb="0"/><line nr="139" mi="0" ci="1" mb="0" cb="0"/><line nr="148" mi="0" ci="5" mb="0" cb="0"/><line nr="150" mi="0" ci="6" mb="0" cb="0"/><line nr="151" mi="0" ci="9" mb="0" cb="0"/><line nr="152" mi="0" ci="2" mb="0" cb="0"/><line nr="153" mi="0" ci="9" mb="0" cb="0"/><line nr="154" mi="0" ci="8" mb="0" cb="0"/><line nr="155" mi="0" ci="3" mb="0" cb="0"/><line nr="156" mi="0" ci="3" mb="0" cb="0"/><line nr="159" mi="0" ci="6" mb="0" cb="0"/><line nr="160" mi="0" ci="1" mb="0" cb="0"/><line nr="161" mi="0" ci="13" mb="0" cb="0"/><line nr="162" mi="0" ci="1" mb="0" cb="0"/><line nr="165" mi="0" ci="7" mb="0" cb="0"/><line nr="166" mi="0" ci="16" mb="0" cb="0"/><line nr="167" mi="0" ci="1" mb="0" cb="0"/><line nr="168" mi="0" ci="1" mb="0" cb="0"/><line nr="171" mi="0" ci="5" mb="0" cb="0"/><line nr="172" mi="0" ci="4" mb="0" cb="0"/><line nr="174" mi="0" ci="9" mb="0" cb="0"/><line nr="175" mi="0" ci="9" mb="0" cb="0"/><line nr="176" mi="0" ci="9" mb="0" cb="0"/><line nr="177" mi="0" ci="9" mb="0" cb="0"/><line nr="178" mi="0" ci="9" mb="0" cb="0"/><line nr="179" mi="0" ci="6" mb="0" cb="0"/><line nr="180" mi="0" ci="12" mb="0" cb="0"/><line nr="181" mi="0" ci="3" mb="0" cb="0"/><line nr="182" mi="0" ci="1" mb="0" cb="0"/><line nr="185" mi="0" ci="2" mb="0" cb="0"/><line nr="186" mi="0" ci="2" mb="0" cb="0"/><line nr="187" mi="0" ci="11" mb="0" cb="0"/><line nr="191" mi="0" ci="2" mb="0" cb="0"/><line nr="192" mi="0" ci="2" mb="0" cb="0"/><line nr="193" mi="0" ci="11" mb="0" cb="0"/><line nr="197" mi="0" ci="9" mb="0" cb="0"/><line nr="198" mi="0" ci="5" mb="0" cb="0"/><counter type="INSTRUCTION" missed="73" covered="487"/><counter type="BRANCH" missed="5" covered="7"/><counter type="LINE" missed="15" covered="92"/><counter type="COMPLEXITY" missed="6" covered="21"/><counter type="METHOD" missed="2" covered="19"/><counter type="CLASS" missed="0" covered="2"/></sourcefile><counter type="INSTRUCTION" missed="77" covered="665"/><counter type="BRANCH" missed="5" covered="19"/><counter type="LINE" missed="17" covered="127"/><counter type="COMPLEXITY" missed="7" covered="35"/><counter type="METHOD" missed="3" covered="27"/><counter type="CLASS" missed="0" covered="3"/></package><package name="tourGuide/user"><class name="tourGuide/user/User" sourcefilename="User.java"><method name="&lt;init&gt;" desc="(Ljava/util/UUID;Ljava/lang/String;Ljava/lang/String;Ljava/lang/String;)V" line="16"><counter type="INSTRUCTION" missed="0" covered="35"/><counter type="LINE" missed="0" covered="10"/><counter type="COMPLEXITY" missed="0" covered="1"/><counter type="METHOD" missed="0" covered="1"/></method><method name="&lt;init&gt;" desc="(Ljava/util/UUID;Ljava/lang/String;Ljava/lang/String;Ljava/lang/String;LtourGuide/user/UserPreferences;)V" line="16"><counter type="INSTRUCTION" missed="38" covered="0"/><counter type="LINE" missed="11" covered="0"/><counter type="COMPLEXITY" missed="1" covered="0"/><counter type="METHOD" missed="1" covered="0"/></method><method name="getUserId" desc="()Ljava/util/UUID;" line="38"><counter type="INSTRUCTION" missed="0" covered="3"/><counter type="LINE" missed="0" covered="1"/><counter type="COMPLEXITY" missed="0" covered="1"/><counter type="METHOD" missed="0" covered="1"/></method><method name="getUserName" desc="()Ljava/lang/String;" line="42"><counter type="INSTRUCTION" missed="0" covered="3"/><counter type="LINE" missed="0" covered="1"/><counter type="COMPLEXITY" missed="0" covered="1"/><counter type="METHOD" missed="0" covered="1"/></method><method name="setPhoneNumber" desc="(Ljava/lang/String;)V" line="46"><counter type="INSTRUCTION" missed="4" covered="0"/><counter type="LINE" missed="2" covered="0"/><counter type="COMPLEXITY" missed="1" covered="0"/><counter type="METHOD" missed="1" covered="0"/></method><method name="getPhoneNumber" desc="()Ljava/lang/String;" line="50"><counter type="INSTRUCTION" missed="0" covered="3"/><counter type="LINE" missed="0" covered="1"/><counter type="COMPLEXITY" missed="0" covered="1"/><counter type="METHOD" missed="0" covered="1"/></method><method name="setEmailAddress" desc="(Ljava/lang/String;)V" line="54"><counter type="INSTRUCTION" missed="4" covered="0"/><counter type="LINE" missed="2" covered="0"/><counter type="COMPLEXITY" missed="1" covered="0"/><counter type="METHOD" missed="1" covered="0"/></method><method name="getEmailAddress" desc="()Ljava/lang/String;" line="58"><counter type="INSTRUCTION" missed="0" covered="3"/><counter type="LINE" missed="0" covered="1"/><counter type="COMPLEXITY" missed="0" covered="1"/><counter type="METHOD" missed="0" covered="1"/></method><method name="setLatestLocationTimestamp" desc="(Ljava/util/Date;)V" line="62"><counter type="INSTRUCTION" missed="4" covered="0"/><counter type="LINE" missed="2" covered="0"/><counter type="COMPLEXITY" missed="1" covered="0"/><counter type="METHOD" missed="1" covered="0"/></method><method name="getLatestLocationTimestamp" desc="()Ljava/util/Date;" line="66"><counter type="INSTRUCTION" missed="0" covered="3"/><counter type="LINE" missed="0" covered="1"/><counter type="COMPLEXITY" missed="0" covered="1"/><counter type="METHOD" missed="0" covered="1"/></method><method name="addToVisitedLocations" desc="(LgpsUtil/location/VisitedLocation;)V" line="70"><counter type="INSTRUCTION" missed="0" covered="14"/><counter type="LINE" missed="0" covered="4"/><counter type="COMPLEXITY" missed="0" covered="1"/><counter type="METHOD" missed="0" covered="1"/></method><method name="getVisitedLocations" desc="()Ljava/util/List;" line="76"><counter type="INSTRUCTION" missed="0" covered="3"/><counter type="LINE" missed="0" covered="1"/><counter type="COMPLEXITY" missed="0" covered="1"/><counter type="METHOD" missed="0" covered="1"/></method><method name="clearVisitedLocations" desc="()V" line="80"><counter type="INSTRUCTION" missed="4" covered="0"/><counter type="LINE" missed="2" covered="0"/><counter type="COMPLEXITY" missed="1" covered="0"/><counter type="METHOD" missed="1" covered="0"/></method><method name="addUserReward" desc="(LtourGuide/user/UserReward;)V" line="85"><counter type="INSTRUCTION" missed="0" covered="16"/><counter type="BRANCH" missed="0" covered="2"/><counter type="LINE" missed="0" covered="3"/><counter type="COMPLEXITY" missed="0" covered="2"/><counter type="METHOD" missed="0" covered="1"/></method><method name="getUserRewards" desc="()Ljava/util/List;" line="91"><counter type="INSTRUCTION" missed="0" covered="3"/><counter type="LINE" missed="0" covered="1"/><counter type="COMPLEXITY" missed="0" covered="1"/><counter type="METHOD" missed="0" covered="1"/></method><method name="getUserPreferences" desc="()LtourGuide/user/UserPreferences;" line="95"><counter type="INSTRUCTION" missed="0" covered="3"/><counter type="LINE" missed="0" covered="1"/><counter type="COMPLEXITY" missed="0" covered="1"/><counter type="METHOD" missed="0" covered="1"/></method><method name="setUserPreferences" desc="(LtourGuide/user/UserPreferences;)V" line="99"><counter type="INSTRUCTION" missed="0" covered="4"/><counter type="LINE" missed="0" covered="2"/><counter type="COMPLEXITY" missed="0" covered="1"/><counter type="METHOD" missed="0" covered="1"/></method><method name="getLastVisitedLocation" desc="()LgpsUtil/location/VisitedLocation;" line="103"><counter type="INSTRUCTION" missed="10" covered="0"/><counter type="LINE" missed="1" covered="0"/><counter type="COMPLEXITY" missed="1" covered="0"/><counter type="METHOD" missed="1" covered="0"/></method><method name="setTripDeals" desc="(Ljava/util/List;)V" line="107"><counter type="INSTRUCTION" missed="0" covered="4"/><counter type="LINE" missed="0" covered="2"/><counter type="COMPLEXITY" missed="0" covered="1"/><counter type="METHOD" missed="0" covered="1"/></method><method name="getTripDeals" desc="()Ljava/util/List;" line="111"><counter type="INSTRUCTION" missed="0" covered="3"/><counter type="LINE" missed="0" covered="1"/><counter type="COMPLEXITY" missed="0" covered="1"/><counter type="METHOD" missed="0" covered="1"/></method><method name="getName" desc="()Ljava/lang/String;" line="19"><counter type="INSTRUCTION" missed="0" covered="3"/><counter type="LINE" missed="0" covered="1"/><counter type="COMPLEXITY" missed="0" covered="1"/><counter type="METHOD" missed="0" covered="1"/></method><method name="setName" desc="(Ljava/lang/String;)V" line="9"><counter type="INSTRUCTION" missed="0" covered="4"/><counter type="LINE" missed="0" covered="1"/><counter type="COMPLEXITY" missed="0" covered="1"/><counter type="METHOD" missed="0" covered="1"/></method><method name="equals" desc="(Ljava/lang/Object;)Z" line="9"><counter type="INSTRUCTION" missed="162" covered="29"/><counter type="BRANCH" missed="60" covered="6"/><counter type="LINE" missed="0" covered="1"/><counter type="COMPLEXITY" missed="32" covered="2"/><counter type="METHOD" missed="0" covered="1"/></method><method name="canEqual" desc="(Ljava/lang/Object;)Z" line="9"><counter type="INSTRUCTION" missed="0" covered="3"/><counter type="LINE" missed="0" covered="1"/><counter type="COMPLEXITY" missed="0" covered="1"/><counter type="METHOD" missed="0" covered="1"/></method><method name="hashCode" desc="()I" line="9"><counter type="INSTRUCTION" missed="146" covered="0"/><counter type="BRANCH" missed="20" covered="0"/><counter type="LINE" missed="1" covered="0"/><counter type="COMPLEXITY" missed="11" covered="0"/><counter type="METHOD" missed="1" covered="0"/></method><method name="toString" desc="()Ljava/lang/String;" line="9"><counter type="INSTRUCTION" missed="0" covered="57"/><counter type="LINE" missed="0" covered="1"/><counter type="COMPLEXITY" missed="0" covered="1"/><counter type="METHOD" missed="0" covered="1"/></method><method name="lambda$addUserReward$0" desc="(LtourGuide/user/UserReward;LtourGuide/user/UserReward;)Z" line="85"><counter type="INSTRUCTION" missed="0" covered="8"/><counter type="LINE" missed="0" covered="1"/><counter type="COMPLEXITY" missed="0" covered="1"/><counter type="METHOD" missed="0" covered="1"/></method><counter type="INSTRUCTION" missed="372" covered="204"/><counter type="BRANCH" missed="80" covered="8"/><counter type="LINE" missed="16" covered="32"/><counter type="COMPLEXITY" missed="49" covered="22"/><counter type="METHOD" missed="7" covered="20"/><counter type="CLASS" missed="0" covered="1"/></class><class name="tourGuide/user/UserReward" sourcefilename="UserReward.java"><method name="&lt;init&gt;" desc="(LgpsUtil/location/VisitedLocation;LgpsUtil/location/Attraction;I)V" line="11"><counter type="INSTRUCTION" missed="0" covered="12"/><counter type="LINE" missed="0" covered="5"/><counter type="COMPLEXITY" missed="0" covered="1"/><counter type="METHOD" missed="0" covered="1"/></method><method name="&lt;init&gt;" desc="(LgpsUtil/location/VisitedLocation;LgpsUtil/location/Attraction;)V" line="17"><counter type="INSTRUCTION" missed="9" covered="0"/><counter type="LINE" missed="4" covered="0"/><counter type="COMPLEXITY" missed="1" covered="0"/><counter type="METHOD" missed="1" covered="0"/></method><method name="setRewardPoints" desc="(I)V" line="23"><counter type="INSTRUCTION" missed="4" covered="0"/><counter type="LINE" missed="2" covered="0"/><counter type="COMPLEXITY" missed="1" covered="0"/><counter type="METHOD" missed="1" covered="0"/></method><method name="getRewardPoints" desc="()I" line="27"><counter type="INSTRUCTION" missed="3" covered="0"/><counter type="LINE" missed="1" covered="0"/><counter type="COMPLEXITY" missed="1" covered="0"/><counter type="METHOD" missed="1" covered="0"/></method><counter type="INSTRUCTION" missed="16" covered="12"/><counter type="LINE" missed="7" covered="5"/><counter type="COMPLEXITY" missed="3" covered="1"/><counter type="METHOD" missed="3" covered="1"/><counter type="CLASS" missed="0" covered="1"/></class><class name="tourGuide/user/UserPreferences" sourcefilename="UserPreferences.java"><method name="&lt;init&gt;" desc="()V" line="11"><counter type="INSTRUCTION" missed="0" covered="38"/><counter type="LINE" missed="0" covered="10"/><counter type="COMPLEXITY" missed="0" covered="1"/><counter type="METHOD" missed="0" covered="1"/></method><method name="setAttractionProximity" desc="(I)V" line="24"><counter type="INSTRUCTION" missed="0" covered="4"/><counter type="LINE" missed="0" covered="2"/><counter type="COMPLEXITY" missed="0" covered="1"/><counter type="METHOD" missed="0" covered="1"/></method><method name="getAttractionProximity" desc="()I" line="28"><counter type="INSTRUCTION" missed="3" covered="0"/><counter type="LINE" missed="1" covered="0"/><counter type="COMPLEXITY" missed="1" covered="0"/><counter type="METHOD" missed="1" covered="0"/></method><method name="getLowerPricePoint" desc="()Lorg/javamoney/moneta/Money;" line="32"><counter type="INSTRUCTION" missed="3" covered="0"/><counter type="LINE" missed="1" covered="0"/><counter type="COMPLEXITY" missed="1" covered="0"/><counter type="METHOD" missed="1" covered="0"/></method><method name="setLowerPricePoint" desc="(Lorg/javamoney/moneta/Money;)V" line="36"><counter type="INSTRUCTION" missed="0" covered="4"/><counter type="LINE" missed="0" covered="2"/><counter type="COMPLEXITY" missed="0" covered="1"/><counter type="METHOD" missed="0" covered="1"/></method><method name="getHighPricePoint" desc="()Lorg/javamoney/moneta/Money;" line="40"><counter type="INSTRUCTION" missed="3" covered="0"/><counter type="LINE" missed="1" covered="0"/><counter type="COMPLEXITY" missed="1" covered="0"/><counter type="METHOD" missed="1" covered="0"/></method><method name="setHighPricePoint" desc="(Lorg/javamoney/moneta/Money;)V" line="44"><counter type="INSTRUCTION" missed="0" covered="4"/><counter type="LINE" missed="0" covered="2"/><counter type="COMPLEXITY" missed="0" covered="1"/><counter type="METHOD" missed="0" covered="1"/></method><method name="getTripDuration" desc="()I" line="48"><counter type="INSTRUCTION" missed="0" covered="3"/><counter type="LINE" missed="0" covered="1"/><counter type="COMPLEXITY" missed="0" covered="1"/><counter type="METHOD" missed="0" covered="1"/></method><method name="setTripDuration" desc="(I)V" line="52"><counter type="INSTRUCTION" missed="0" covered="4"/><counter type="LINE" missed="0" covered="2"/><counter type="COMPLEXITY" missed="0" covered="1"/><counter type="METHOD" missed="0" covered="1"/></method><method name="getTicketQuantity" desc="()I" line="56"><counter type="INSTRUCTION" missed="3" covered="0"/><counter type="LINE" missed="1" covered="0"/><counter type="COMPLEXITY" missed="1" covered="0"/><counter type="METHOD" missed="1" covered="0"/></method><method name="setTicketQuantity" desc="(I)V" line="60"><counter type="INSTRUCTION" missed="0" covered="4"/><counter type="LINE" missed="0" covered="2"/><counter type="COMPLEXITY" missed="0" covered="1"/><counter type="METHOD" missed="0" covered="1"/></method><method name="getNumberOfAdults" desc="()I" line="64"><counter type="INSTRUCTION" missed="0" covered="3"/><counter type="LINE" missed="0" covered="1"/><counter type="COMPLEXITY" missed="0" covered="1"/><counter type="METHOD" missed="0" covered="1"/></method><method name="setNumberOfAdults" desc="(I)V" line="68"><counter type="INSTRUCTION" missed="0" covered="4"/><counter type="LINE" missed="0" covered="2"/><counter type="COMPLEXITY" missed="0" covered="1"/><counter type="METHOD" missed="0" covered="1"/></method><method name="getNumberOfChildren" desc="()I" line="72"><counter type="INSTRUCTION" missed="0" covered="3"/><counter type="LINE" missed="0" covered="1"/><counter type="COMPLEXITY" missed="0" covered="1"/><counter type="METHOD" missed="0" covered="1"/></method><method name="setNumberOfChildren" desc="(I)V" line="76"><counter type="INSTRUCTION" missed="0" covered="4"/><counter type="LINE" missed="0" covered="2"/><counter type="COMPLEXITY" missed="0" covered="1"/><counter type="METHOD" missed="0" covered="1"/></method><counter type="INSTRUCTION" missed="12" covered="75"/><counter type="LINE" missed="4" covered="27"/><counter type="COMPLEXITY" missed="4" covered="11"/><counter type="METHOD" missed="4" covered="11"/><counter type="CLASS" missed="0" covered="1"/></class><sourcefile name="UserPreferences.java"><line nr="11" mi="0" ci="3" mb="0" cb="0"/><line nr="12" mi="0" ci="6" mb="0" cb="0"/><line nr="13" mi="0" ci="7" mb="0" cb="0"/><line nr="14" mi="0" ci="7" mb="0" cb="0"/><line nr="15" mi="0" ci="3" mb="0" cb="0"/><line nr="16" mi="0" ci="3" mb="0" cb="0"/><line nr="17" mi="0" ci="3" mb="0" cb="0"/><line nr="18" mi="0" ci="3" mb="0" cb="0"/><line nr="20" mi="0" ci="2" mb="0" cb="0"/><line nr="21" mi="0" ci="1" mb="0" cb="0"/><line nr="24" mi="0" ci="3" mb="0" cb="0"/><line nr="25" mi="0" ci="1" mb="0" cb="0"/><line nr="28" mi="3" ci="0" mb="0" cb="0"/><line nr="32" mi="3" ci="0" mb="0" cb="0"/><line nr="36" mi="0" ci="3" mb="0" cb="0"/><line nr="37" mi="0" ci="1" mb="0" cb="0"/><line nr="40" mi="3" ci="0" mb="0" cb="0"/><line nr="44" mi="0" ci="3" mb="0" cb="0"/><line nr="45" mi="0" ci="1" mb="0" cb="0"/><line nr="48" mi="0" ci="3" mb="0" cb="0"/><line nr="52" mi="0" ci="3" mb="0" cb="0"/><line nr="53" mi="0" ci="1" mb="0" cb="0"/><line nr="56" mi="3" ci="0" mb="0" cb="0"/><line nr="60" mi="0" ci="3" mb="0" cb="0"/><line nr="61" mi="0" ci="1" mb="0" cb="0"/><line nr="64" mi="0" ci="3" mb="0" cb="0"/><line nr="68" mi="0" ci="3" mb="0" cb="0"/><line nr="69" mi="0" ci="1" mb="0" cb="0"/><line nr="72" mi="0" ci="3" mb="0" cb="0"/><line nr="76" mi="0" ci="3" mb="0" cb="0"/><line nr="77" mi="0" ci="1" mb="0" cb="0"/><counter type="INSTRUCTION" missed="12" covered="75"/><counter type="LINE" missed="4" covered="27"/><counter type="COMPLEXITY" missed="4" covered="11"/><counter type="METHOD" missed="4" covered="11"/><counter type="CLASS" missed="0" covered="1"/></sourcefile><sourcefile name="UserReward.java"><line nr="11" mi="0" ci="2" mb="0" cb="0"/><line nr="12" mi="0" ci="3" mb="0" cb="0"/><line nr="13" mi="0" ci="3" mb="0" cb="0"/><line nr="14" mi="0" ci="3" mb="0" cb="0"/><line nr="15" mi="0" ci="1" mb="0" cb="0"/><line nr="17" mi="2" ci="0" mb="0" cb="0"/><line nr="18" mi="3" ci="0" mb="0" cb="0"/><line nr="19" mi="3" ci="0" mb="0" cb="0"/><line nr="20" mi="1" ci="0" mb="0" cb="0"/><line nr="23" mi="3" ci="0" mb="0" cb="0"/><line nr="24" mi="1" ci="0" mb="0" cb="0"/><line nr="27" mi="3" ci="0" mb="0" cb="0"/><counter type="INSTRUCTION" missed="16" covered="12"/><counter type="LINE" missed="7" covered="5"/><counter type="COMPLEXITY" missed="3" covered="1"/><counter type="METHOD" missed="3" covered="1"/><counter type="CLASS" missed="0" covered="1"/></sourcefile><sourcefile name="User.java"><line nr="9" mi="308" ci="93" mb="80" cb="6"/><line nr="16" mi="5" ci="5" mb="0" cb="0"/><line nr="17" mi="5" ci="5" mb="0" cb="0"/><line nr="18" mi="5" ci="5" mb="0" cb="0"/><line nr="19" mi="0" ci="3" mb="0" cb="0"/><line nr="21" mi="5" ci="5" mb="0" cb="0"/><line nr="22" mi="0" ci="2" mb="0" cb="0"/><line nr="23" mi="0" ci="3" mb="0" cb="0"/><line nr="24" mi="0" ci="3" mb="0" cb="0"/><line nr="25" mi="0" ci="3" mb="0" cb="0"/><line nr="26" mi="0" ci="3" mb="0" cb="0"/><line nr="27" mi="0" ci="1" mb="0" cb="0"/><line nr="29" mi="2" ci="0" mb="0" cb="0"/><line nr="30" mi="3" ci="0" mb="0" cb="0"/><line nr="31" mi="3" ci="0" mb="0" cb="0"/><line nr="32" mi="3" ci="0" mb="0" cb="0"/><line nr="33" mi="3" ci="0" mb="0" cb="0"/><line nr="34" mi="3" ci="0" mb="0" cb="0"/><line nr="35" mi="1" ci="0" mb="0" cb="0"/><line nr="38" mi="0" ci="3" mb="0" cb="0"/><line nr="42" mi="0" ci="3" mb="0" cb="0"/><line nr="46" mi="3" ci="0" mb="0" cb="0"/><line nr="47" mi="1" ci="0" mb="0" cb="0"/><line nr="50" mi="0" ci="3" mb="0" cb="0"/><line nr="54" mi="3" ci="0" mb="0" cb="0"/><line nr="55" mi="1" ci="0" mb="0" cb="0"/><line nr="58" mi="0" ci="3" mb="0" cb="0"/><line nr="62" mi="3" ci="0" mb="0" cb="0"/><line nr="63" mi="1" ci="0" mb="0" cb="0"/><line nr="66" mi="0" ci="3" mb="0" cb="0"/><line nr="70" mi="0" ci="5" mb="0" cb="0"/><line nr="71" mi="0" ci="5" mb="0" cb="0"/><line nr="72" mi="0" ci="3" mb="0" cb="0"/><line nr="73" mi="0" ci="1" mb="0" cb="0"/><line nr="76" mi="0" ci="3" mb="0" cb="0"/><line nr="80" mi="3" ci="0" mb="0" cb="0"/><line nr="81" mi="1" ci="0" mb="0" cb="0"/><line nr="85" mi="0" ci="18" mb="0" cb="2"/><line nr="86" mi="0" ci="5" mb="0" cb="0"/><line nr="88" mi="0" ci="1" mb="0" cb="0"/><line nr="91" mi="0" ci="3" mb="0" cb="0"/><line nr="95" mi="0" ci="3" mb="0" cb="0"/><line nr="99" mi="0" ci="3" mb="0" cb="0"/><line nr="100" mi="0" ci="1" mb="0" cb="0"/><line nr="103" mi="10" ci="0" mb="0" cb="0"/><line nr="107" mi="0" ci="3" mb="0" cb="0"/><line nr="108" mi="0" ci="1" mb="0" cb="0"/><line nr="111" mi="0" ci="3" mb="0" cb="0"/><counter type="INSTRUCTION" missed="372" covered="204"/><counter type="BRANCH" missed="80" covered="8"/><counter type="LINE" missed="16" covered="32"/><counter type="COMPLEXITY" missed="49" covered="22"/><counter type="METHOD" missed="7" covered="20"/><counter type="CLASS" missed="0" covered="1"/></sourcefile><counter type="INSTRUCTION" missed="400" covered="291"/><counter type="BRANCH" missed="80" covered="8"/><counter type="LINE" missed="27" covered="64"/><counter type="COMPLEXITY" missed="56" covered="34"/><counter type="METHOD" missed="14" covered="32"/><counter type="CLASS" missed="0" covered="3"/></package><counter type="INSTRUCTION" missed="1542" covered="1357"/><counter type="BRANCH" missed="270" covered="34"/><counter type="LINE" missed="88" covered="266"/><counter type="COMPLEXITY" missed="216" covered="97"/><counter type="METHOD" missed="75" covered="86"/><counter type="CLASS" missed="3" covered="11"/></report>